{"/Users/nb/Projects/trenara-web/src/lib/schemas/prediction.ts": {"path":"/Users/nb/Projects/trenara-web/src/lib/schemas/prediction.ts","statementMap":{"0":{"start":{"line":3,"column":38},"end":{"line":6,"column":null}},"1":{"start":{"line":8,"column":44},"end":{"line":12,"column":null}}},"fnMap":{},"branchMap":{},"s":{"0":1,"1":1},"f":{},"b":{},"meta":{"lastBranch":0,"lastFunction":0,"lastStatement":2,"seen":{"s:3:38:6:Infinity":0,"s:8:44:12:Infinity":1}}}
,"/Users/nb/Projects/trenara-web/src/lib/schemas/training.ts": {"path":"/Users/nb/Projects/trenara-web/src/lib/schemas/training.ts","statementMap":{"0":{"start":{"line":3,"column":33},"end":{"line":8,"column":null}},"1":{"start":{"line":10,"column":30},"end":{"line":13,"column":null}},"2":{"start":{"line":15,"column":32},"end":{"line":20,"column":null}}},"fnMap":{},"branchMap":{},"s":{"0":1,"1":1,"2":1},"f":{},"b":{},"meta":{"lastBranch":0,"lastFunction":0,"lastStatement":3,"seen":{"s:3:33:8:Infinity":0,"s:10:30:13:Infinity":1,"s:15:32:20:Infinity":2}}}
,"/Users/nb/Projects/trenara-web/src/lib/server/db/prediction-history.ts": {"path":"/Users/nb/Projects/trenara-web/src/lib/server/db/prediction-history.ts","statementMap":{"0":{"start":{"line":19,"column":38},"end":{"line":19,"column":null}},"1":{"start":{"line":20,"column":38},"end":{"line":20,"column":null}},"2":{"start":{"line":23,"column":2},"end":{"line":23,"column":null}},"3":{"start":{"line":27,"column":2},"end":{"line":27,"column":null}},"4":{"start":{"line":31,"column":2},"end":{"line":31,"column":null}},"5":{"start":{"line":35,"column":2},"end":{"line":35,"column":null}},"6":{"start":{"line":45,"column":2},"end":{"line":47,"column":null}},"7":{"start":{"line":46,"column":3},"end":{"line":46,"column":null}},"8":{"start":{"line":48,"column":2},"end":{"line":48,"column":null}},"9":{"start":{"line":52,"column":26},"end":{"line":59,"column":null}},"10":{"start":{"line":61,"column":2},"end":{"line":61,"column":null}},"11":{"start":{"line":61,"column":22},"end":{"line":61,"column":null}},"12":{"start":{"line":62,"column":2},"end":{"line":62,"column":null}},"13":{"start":{"line":69,"column":14},"end":{"line":73,"column":null}},"14":{"start":{"line":75,"column":2},"end":{"line":77,"column":null}},"15":{"start":{"line":76,"column":3},"end":{"line":76,"column":null}},"16":{"start":{"line":78,"column":2},"end":{"line":80,"column":null}},"17":{"start":{"line":79,"column":3},"end":{"line":79,"column":null}},"18":{"start":{"line":81,"column":2},"end":{"line":83,"column":null}},"19":{"start":{"line":82,"column":3},"end":{"line":82,"column":null}},"20":{"start":{"line":85,"column":26},"end":{"line":85,"column":null}},"21":{"start":{"line":86,"column":2},"end":{"line":89,"column":null}},"22":{"start":{"line":87,"column":3},"end":{"line":87,"column":null}},"23":{"start":{"line":88,"column":3},"end":{"line":88,"column":null}},"24":{"start":{"line":90,"column":2},"end":{"line":90,"column":null}},"25":{"start":{"line":98,"column":2},"end":{"line":100,"column":null}},"26":{"start":{"line":99,"column":3},"end":{"line":99,"column":null}},"27":{"start":{"line":102,"column":17},"end":{"line":102,"column":null}},"28":{"start":{"line":103,"column":2},"end":{"line":105,"column":null}},"29":{"start":{"line":104,"column":3},"end":{"line":104,"column":null}},"30":{"start":{"line":107,"column":8},"end":{"line":107,"column":null}},"31":{"start":{"line":108,"column":26},"end":{"line":120,"column":null}},"32":{"start":{"line":122,"column":2},"end":{"line":125,"column":null}},"33":{"start":{"line":123,"column":3},"end":{"line":123,"column":null}},"34":{"start":{"line":124,"column":3},"end":{"line":124,"column":null}},"35":{"start":{"line":127,"column":2},"end":{"line":127,"column":null}},"36":{"start":{"line":131,"column":26},"end":{"line":136,"column":null}},"37":{"start":{"line":138,"column":2},"end":{"line":141,"column":null}},"38":{"start":{"line":139,"column":3},"end":{"line":139,"column":null}},"39":{"start":{"line":140,"column":3},"end":{"line":140,"column":null}},"40":{"start":{"line":142,"column":2},"end":{"line":142,"column":null}},"41":{"start":{"line":146,"column":36},"end":{"line":146,"column":null}}},"fnMap":{"0":{"name":"(anonymous_0)","decl":{"start":{"line":22,"column":8},"end":{"line":22,"column":21}},"loc":{"start":{"line":22,"column":44},"end":{"line":24,"column":null}},"line":22},"1":{"name":"(anonymous_1)","decl":{"start":{"line":26,"column":8},"end":{"line":26,"column":21}},"loc":{"start":{"line":26,"column":44},"end":{"line":28,"column":null}},"line":26},"2":{"name":"(anonymous_2)","decl":{"start":{"line":30,"column":8},"end":{"line":30,"column":23}},"loc":{"start":{"line":30,"column":48},"end":{"line":32,"column":null}},"line":30},"3":{"name":"(anonymous_3)","decl":{"start":{"line":34,"column":8},"end":{"line":34,"column":21}},"loc":{"start":{"line":34,"column":44},"end":{"line":36,"column":null}},"line":34},"4":{"name":"(anonymous_4)","decl":{"start":{"line":42,"column":9},"end":{"line":42,"column":23}},"loc":{"start":{"line":42,"column":23},"end":{"line":42,"column":null}},"line":42},"5":{"name":"(anonymous_5)","decl":{"start":{"line":44,"column":8},"end":{"line":44,"column":44}},"loc":{"start":{"line":44,"column":44},"end":{"line":49,"column":null}},"line":44},"6":{"name":"(anonymous_6)","decl":{"start":{"line":51,"column":7},"end":{"line":51,"column":27}},"loc":{"start":{"line":51,"column":77},"end":{"line":63,"column":null}},"line":51},"7":{"name":"(anonymous_7)","decl":{"start":{"line":65,"column":7},"end":{"line":65,"column":null}},"loc":{"start":{"line":68,"column":32},"end":{"line":91,"column":null}},"line":68},"8":{"name":"(anonymous_8)","decl":{"start":{"line":93,"column":7},"end":{"line":93,"column":null}},"loc":{"start":{"line":97,"column":60},"end":{"line":128,"column":null}},"line":97},"9":{"name":"(anonymous_9)","decl":{"start":{"line":130,"column":7},"end":{"line":130,"column":36}},"loc":{"start":{"line":130,"column":92},"end":{"line":143,"column":null}},"line":130}},"branchMap":{"0":{"loc":{"start":{"line":31,"column":9},"end":{"line":31,"column":null}},"type":"binary-expr","locations":[{"start":{"line":31,"column":9},"end":{"line":31,"column":37}},{"start":{"line":31,"column":37},"end":{"line":31,"column":null}}],"line":31},"1":{"loc":{"start":{"line":45,"column":2},"end":{"line":47,"column":null}},"type":"if","locations":[{"start":{"line":45,"column":2},"end":{"line":47,"column":null}},{"start":{},"end":{}}],"line":45},"2":{"loc":{"start":{"line":61,"column":2},"end":{"line":61,"column":null}},"type":"if","locations":[{"start":{"line":61,"column":2},"end":{"line":61,"column":null}},{"start":{},"end":{}}],"line":61},"3":{"loc":{"start":{"line":61,"column":6},"end":{"line":61,"column":22}},"type":"binary-expr","locations":[{"start":{"line":61,"column":6},"end":{"line":61,"column":15}},{"start":{"line":61,"column":15},"end":{"line":61,"column":22}}],"line":61},"4":{"loc":{"start":{"line":67,"column":2},"end":{"line":67,"column":null}},"type":"default-arg","locations":[{"start":{"line":67,"column":38},"end":{"line":67,"column":null}}],"line":67},"5":{"loc":{"start":{"line":75,"column":2},"end":{"line":77,"column":null}},"type":"if","locations":[{"start":{"line":75,"column":2},"end":{"line":77,"column":null}},{"start":{},"end":{}}],"line":75},"6":{"loc":{"start":{"line":78,"column":2},"end":{"line":80,"column":null}},"type":"if","locations":[{"start":{"line":78,"column":2},"end":{"line":80,"column":null}},{"start":{},"end":{}}],"line":78},"7":{"loc":{"start":{"line":81,"column":2},"end":{"line":83,"column":null}},"type":"if","locations":[{"start":{"line":81,"column":2},"end":{"line":83,"column":null}},{"start":{},"end":{}}],"line":81},"8":{"loc":{"start":{"line":86,"column":2},"end":{"line":89,"column":null}},"type":"if","locations":[{"start":{"line":86,"column":2},"end":{"line":89,"column":null}},{"start":{},"end":{}}],"line":86},"9":{"loc":{"start":{"line":90,"column":10},"end":{"line":90,"column":null}},"type":"binary-expr","locations":[{"start":{"line":90,"column":10},"end":{"line":90,"column":18}},{"start":{"line":90,"column":18},"end":{"line":90,"column":null}}],"line":90},"10":{"loc":{"start":{"line":98,"column":2},"end":{"line":100,"column":null}},"type":"if","locations":[{"start":{"line":98,"column":2},"end":{"line":100,"column":null}},{"start":{},"end":{}}],"line":98},"11":{"loc":{"start":{"line":98,"column":6},"end":{"line":98,"column":90}},"type":"binary-expr","locations":[{"start":{"line":98,"column":6},"end":{"line":98,"column":49}},{"start":{"line":98,"column":49},"end":{"line":98,"column":90}}],"line":98},"12":{"loc":{"start":{"line":103,"column":2},"end":{"line":105,"column":null}},"type":"if","locations":[{"start":{"line":103,"column":2},"end":{"line":105,"column":null}},{"start":{},"end":{}}],"line":103},"13":{"loc":{"start":{"line":103,"column":6},"end":{"line":103,"column":82}},"type":"binary-expr","locations":[{"start":{"line":103,"column":6},"end":{"line":103,"column":16}},{"start":{"line":103,"column":16},"end":{"line":103,"column":50}},{"start":{"line":103,"column":50},"end":{"line":103,"column":82}}],"line":103},"14":{"loc":{"start":{"line":122,"column":2},"end":{"line":125,"column":null}},"type":"if","locations":[{"start":{"line":122,"column":2},"end":{"line":125,"column":null}},{"start":{},"end":{}}],"line":122},"15":{"loc":{"start":{"line":138,"column":2},"end":{"line":141,"column":null}},"type":"if","locations":[{"start":{"line":138,"column":2},"end":{"line":141,"column":null}},{"start":{},"end":{}}],"line":138},"16":{"loc":{"start":{"line":142,"column":9},"end":{"line":142,"column":null}},"type":"binary-expr","locations":[{"start":{"line":142,"column":9},"end":{"line":142,"column":25}},{"start":{"line":142,"column":25},"end":{"line":142,"column":null}}],"line":142}},"s":{"0":1,"1":1,"2":14,"3":12,"4":5,"5":4,"6":17,"7":1,"8":17,"9":4,"10":4,"11":2,"12":2,"13":7,"14":7,"15":1,"16":7,"17":1,"18":7,"19":1,"20":7,"21":7,"22":1,"23":1,"24":6,"25":6,"26":2,"27":4,"28":4,"29":1,"30":3,"31":3,"32":3,"33":1,"34":1,"35":2,"36":3,"37":3,"38":1,"39":1,"40":2,"41":1},"f":{"0":1,"1":1,"2":1,"3":1,"4":1,"5":1,"6":4,"7":7,"8":6,"9":3},"b":{"0":[5,4],"1":[1,16],"2":[2,2],"3":[4,2],"4":[7],"5":[1,6],"6":[1,6],"7":[1,6],"8":[1,6],"9":[6,1],"10":[2,4],"11":[6,5],"12":[1,3],"13":[4,2,1],"14":[1,2],"15":[1,2],"16":[2,1]},"meta":{"lastBranch":17,"lastFunction":10,"lastStatement":42,"seen":{"s:19:38:19:Infinity":0,"s:20:38:20:Infinity":1,"f:22:8:22:21":0,"s:23:2:23:Infinity":2,"f:26:8:26:21":1,"s:27:2:27:Infinity":3,"f:30:8:30:23":2,"s:31:2:31:Infinity":4,"b:31:9:31:37:31:37:31:Infinity":0,"f:34:8:34:21":3,"s:35:2:35:Infinity":5,"f:42:9:42:23":4,"f:44:8:44:44":5,"b:45:2:47:Infinity:undefined:undefined:undefined:undefined":1,"s:45:2:47:Infinity":6,"s:46:3:46:Infinity":7,"s:48:2:48:Infinity":8,"f:51:7:51:27":6,"s:52:26:59:Infinity":9,"b:61:2:61:Infinity:undefined:undefined:undefined:undefined":2,"s:61:2:61:Infinity":10,"b:61:6:61:15:61:15:61:22":3,"s:61:22:61:Infinity":11,"s:62:2:62:Infinity":12,"f:65:7:65:Infinity":7,"b:67:38:67:Infinity":4,"s:69:14:73:Infinity":13,"b:75:2:77:Infinity:undefined:undefined:undefined:undefined":5,"s:75:2:77:Infinity":14,"s:76:3:76:Infinity":15,"b:78:2:80:Infinity:undefined:undefined:undefined:undefined":6,"s:78:2:80:Infinity":16,"s:79:3:79:Infinity":17,"b:81:2:83:Infinity:undefined:undefined:undefined:undefined":7,"s:81:2:83:Infinity":18,"s:82:3:82:Infinity":19,"s:85:26:85:Infinity":20,"b:86:2:89:Infinity:undefined:undefined:undefined:undefined":8,"s:86:2:89:Infinity":21,"s:87:3:87:Infinity":22,"s:88:3:88:Infinity":23,"s:90:2:90:Infinity":24,"b:90:10:90:18:90:18:90:Infinity":9,"f:93:7:93:Infinity":8,"b:98:2:100:Infinity:undefined:undefined:undefined:undefined":10,"s:98:2:100:Infinity":25,"b:98:6:98:49:98:49:98:90":11,"s:99:3:99:Infinity":26,"s:102:17:102:Infinity":27,"b:103:2:105:Infinity:undefined:undefined:undefined:undefined":12,"s:103:2:105:Infinity":28,"b:103:6:103:16:103:16:103:50:103:50:103:82":13,"s:104:3:104:Infinity":29,"s:107:8:107:Infinity":30,"s:108:26:120:Infinity":31,"b:122:2:125:Infinity:undefined:undefined:undefined:undefined":14,"s:122:2:125:Infinity":32,"s:123:3:123:Infinity":33,"s:124:3:124:Infinity":34,"s:127:2:127:Infinity":35,"f:130:7:130:36":9,"s:131:26:136:Infinity":36,"b:138:2:141:Infinity:undefined:undefined:undefined:undefined":15,"s:138:2:141:Infinity":37,"s:139:3:139:Infinity":38,"s:140:3:140:Infinity":39,"s:142:2:142:Infinity":40,"b:142:9:142:25:142:25:142:Infinity":16,"s:146:36:146:Infinity":41}}}
,"/Users/nb/Projects/trenara-web/src/lib/stores/calendar.svelte.ts": {"path":"/Users/nb/Projects/trenara-web/src/lib/stores/calendar.svelte.ts","statementMap":{"0":{"start":{"line":25,"column":12},"end":{"line":25,"column":null}},"1":{"start":{"line":26,"column":1},"end":{"line":26,"column":null}},"2":{"start":{"line":27,"column":1},"end":{"line":27,"column":null}},"3":{"start":{"line":28,"column":1},"end":{"line":28,"column":null}},"4":{"start":{"line":35,"column":8},"end":{"line":35,"column":null}},"5":{"start":{"line":42,"column":7},"end":{"line":42,"column":null}},"6":{"start":{"line":43,"column":11},"end":{"line":43,"column":null}},"7":{"start":{"line":44,"column":11},"end":{"line":44,"column":null}},"8":{"start":{"line":45,"column":13},"end":{"line":45,"column":null}},"9":{"start":{"line":46,"column":11},"end":{"line":46,"column":null}},"10":{"start":{"line":51,"column":11},"end":{"line":51,"column":null}},"11":{"start":{"line":65,"column":7},"end":{"line":65,"column":null}},"12":{"start":{"line":66,"column":7},"end":{"line":66,"column":null}},"13":{"start":{"line":67,"column":7},"end":{"line":67,"column":null}},"14":{"start":{"line":68,"column":7},"end":{"line":68,"column":null}},"15":{"start":{"line":70,"column":12},"end":{"line":72,"column":null}},"16":{"start":{"line":71,"column":2},"end":{"line":71,"column":null}},"17":{"start":{"line":73,"column":12},"end":{"line":75,"column":null}},"18":{"start":{"line":74,"column":2},"end":{"line":74,"column":null}},"19":{"start":{"line":76,"column":12},"end":{"line":83,"column":null}},"20":{"start":{"line":77,"column":12},"end":{"line":77,"column":null}},"21":{"start":{"line":78,"column":6},"end":{"line":82,"column":null}},"22":{"start":{"line":79,"column":3},"end":{"line":79,"column":null}},"23":{"start":{"line":80,"column":2},"end":{"line":82,"column":null}},"24":{"start":{"line":81,"column":3},"end":{"line":81,"column":null}},"25":{"start":{"line":92,"column":7},"end":{"line":92,"column":null}},"26":{"start":{"line":93,"column":12},"end":{"line":95,"column":null}},"27":{"start":{"line":94,"column":2},"end":{"line":94,"column":null}},"28":{"start":{"line":96,"column":8},"end":{"line":96,"column":null}},"29":{"start":{"line":103,"column":5},"end":{"line":103,"column":null}},"30":{"start":{"line":104,"column":5},"end":{"line":104,"column":null}},"31":{"start":{"line":105,"column":5},"end":{"line":105,"column":null}},"32":{"start":{"line":106,"column":5},"end":{"line":106,"column":null}},"33":{"start":{"line":107,"column":5},"end":{"line":107,"column":null}},"34":{"start":{"line":110,"column":7},"end":{"line":110,"column":null}},"35":{"start":{"line":113,"column":7},"end":{"line":114,"column":null}},"36":{"start":{"line":118,"column":7},"end":{"line":119,"column":null}},"37":{"start":{"line":119,"column":2},"end":{"line":119,"column":null}},"38":{"start":{"line":123,"column":7},"end":{"line":126,"column":null}},"39":{"start":{"line":124,"column":2},"end":{"line":126,"column":null}},"40":{"start":{"line":130,"column":7},"end":{"line":132,"column":null}},"41":{"start":{"line":132,"column":4},"end":{"line":132,"column":null}},"42":{"start":{"line":137,"column":7},"end":{"line":139,"column":null}},"43":{"start":{"line":139,"column":4},"end":{"line":139,"column":null}},"44":{"start":{"line":144,"column":7},"end":{"line":170,"column":null}},"45":{"start":{"line":145,"column":8},"end":{"line":145,"column":null}},"46":{"start":{"line":146,"column":8},"end":{"line":146,"column":null}},"47":{"start":{"line":148,"column":8},"end":{"line":148,"column":null}},"48":{"start":{"line":149,"column":8},"end":{"line":149,"column":null}},"49":{"start":{"line":150,"column":24},"end":{"line":150,"column":null}},"50":{"start":{"line":152,"column":6},"end":{"line":153,"column":null}},"51":{"start":{"line":154,"column":6},"end":{"line":156,"column":null}},"52":{"start":{"line":155,"column":3},"end":{"line":155,"column":null}},"53":{"start":{"line":157,"column":22},"end":{"line":157,"column":null}},"54":{"start":{"line":159,"column":32},"end":{"line":161,"column":null}},"55":{"start":{"line":161,"column":13},"end":{"line":161,"column":null}},"56":{"start":{"line":173,"column":7},"end":{"line":177,"column":null}},"57":{"start":{"line":174,"column":2},"end":{"line":177,"column":null}},"58":{"start":{"line":175,"column":8},"end":{"line":175,"column":null}},"59":{"start":{"line":176,"column":10},"end":{"line":176,"column":null}},"60":{"start":{"line":181,"column":7},"end":{"line":185,"column":null}},"61":{"start":{"line":182,"column":2},"end":{"line":185,"column":null}},"62":{"start":{"line":183,"column":8},"end":{"line":183,"column":null}},"63":{"start":{"line":184,"column":10},"end":{"line":184,"column":null}},"64":{"start":{"line":190,"column":7},"end":{"line":190,"column":null}},"65":{"start":{"line":192,"column":8},"end":{"line":192,"column":null}},"66":{"start":{"line":193,"column":8},"end":{"line":193,"column":null}},"67":{"start":{"line":194,"column":8},"end":{"line":194,"column":null}},"68":{"start":{"line":196,"column":8},"end":{"line":196,"column":null}},"69":{"start":{"line":197,"column":8},"end":{"line":197,"column":null}},"70":{"start":{"line":198,"column":8},"end":{"line":198,"column":null}},"71":{"start":{"line":199,"column":17},"end":{"line":199,"column":null}},"72":{"start":{"line":201,"column":6},"end":{"line":205,"column":null}},"73":{"start":{"line":202,"column":7},"end":{"line":202,"column":null}},"74":{"start":{"line":202,"column":53},"end":{"line":202,"column":null}},"75":{"start":{"line":203,"column":7},"end":{"line":203,"column":null}},"76":{"start":{"line":203,"column":53},"end":{"line":203,"column":null}},"77":{"start":{"line":204,"column":10},"end":{"line":204,"column":null}},"78":{"start":{"line":207,"column":6},"end":{"line":207,"column":null}},"79":{"start":{"line":207,"column":48},"end":{"line":207,"column":null}},"80":{"start":{"line":208,"column":6},"end":{"line":208,"column":null}},"81":{"start":{"line":208,"column":48},"end":{"line":208,"column":null}},"82":{"start":{"line":209,"column":9},"end":{"line":209,"column":null}},"83":{"start":{"line":213,"column":9},"end":{"line":213,"column":null}},"84":{"start":{"line":218,"column":2},"end":{"line":218,"column":null}},"85":{"start":{"line":222,"column":2},"end":{"line":222,"column":null}},"86":{"start":{"line":226,"column":2},"end":{"line":226,"column":null}},"87":{"start":{"line":227,"column":2},"end":{"line":227,"column":null}},"88":{"start":{"line":229,"column":6},"end":{"line":263,"column":null}},"89":{"start":{"line":230,"column":3},"end":{"line":230,"column":null}},"90":{"start":{"line":231,"column":15},"end":{"line":231,"column":null}},"91":{"start":{"line":234,"column":18},"end":{"line":234,"column":null}},"92":{"start":{"line":235,"column":7},"end":{"line":238,"column":null}},"93":{"start":{"line":236,"column":4},"end":{"line":236,"column":null}},"94":{"start":{"line":240,"column":9},"end":{"line":240,"column":null}},"95":{"start":{"line":242,"column":8},"end":{"line":244,"column":null}},"96":{"start":{"line":243,"column":14},"end":{"line":243,"column":null}},"97":{"start":{"line":246,"column":9},"end":{"line":246,"column":null}},"98":{"start":{"line":247,"column":3},"end":{"line":247,"column":null}},"99":{"start":{"line":248,"column":3},"end":{"line":248,"column":null}},"100":{"start":{"line":250,"column":3},"end":{"line":250,"column":null}},"101":{"start":{"line":262,"column":3},"end":{"line":262,"column":null}},"102":{"start":{"line":268,"column":8},"end":{"line":268,"column":null}},"103":{"start":{"line":269,"column":2},"end":{"line":269,"column":null}},"104":{"start":{"line":270,"column":2},"end":{"line":270,"column":null}},"105":{"start":{"line":271,"column":8},"end":{"line":271,"column":null}},"106":{"start":{"line":275,"column":8},"end":{"line":275,"column":null}},"107":{"start":{"line":276,"column":2},"end":{"line":276,"column":null}},"108":{"start":{"line":277,"column":2},"end":{"line":277,"column":null}},"109":{"start":{"line":278,"column":8},"end":{"line":278,"column":null}},"110":{"start":{"line":282,"column":8},"end":{"line":282,"column":null}},"111":{"start":{"line":288,"column":8},"end":{"line":288,"column":null}},"112":{"start":{"line":293,"column":2},"end":{"line":293,"column":null}},"113":{"start":{"line":294,"column":8},"end":{"line":294,"column":null}},"114":{"start":{"line":299,"column":10},"end":{"line":299,"column":null}},"115":{"start":{"line":302,"column":10},"end":{"line":302,"column":null}},"116":{"start":{"line":305,"column":10},"end":{"line":305,"column":null}},"117":{"start":{"line":308,"column":10},"end":{"line":308,"column":null}},"118":{"start":{"line":311,"column":10},"end":{"line":311,"column":null}},"119":{"start":{"line":314,"column":10},"end":{"line":314,"column":null}},"120":{"start":{"line":317,"column":10},"end":{"line":317,"column":null}},"121":{"start":{"line":320,"column":10},"end":{"line":320,"column":null}},"122":{"start":{"line":323,"column":10},"end":{"line":323,"column":null}},"123":{"start":{"line":326,"column":10},"end":{"line":326,"column":null}},"124":{"start":{"line":329,"column":10},"end":{"line":329,"column":null}}},"fnMap":{"0":{"name":"(anonymous_0)","decl":{"start":{"line":25,"column":12},"end":{"line":25,"column":null}},"loc":{"start":{"line":25,"column":7},"end":{"line":25,"column":null}},"line":25},"1":{"name":"isoToDateString","decl":{"start":{"line":34,"column":9},"end":{"line":34,"column":25}},"loc":{"start":{"line":34,"column":46},"end":{"line":36,"column":null}},"line":34},"2":{"name":"entryDateString","decl":{"start":{"line":39,"column":9},"end":{"line":39,"column":25}},"loc":{"start":{"line":39,"column":52},"end":{"line":47,"column":null}},"line":39},"3":{"name":"monthKey","decl":{"start":{"line":50,"column":9},"end":{"line":50,"column":18}},"loc":{"start":{"line":50,"column":38},"end":{"line":52,"column":null}},"line":50},"4":{"name":"buildStatusIndex","decl":{"start":{"line":64,"column":9},"end":{"line":64,"column":26}},"loc":{"start":{"line":64,"column":59},"end":{"line":86,"column":null}},"line":64},"5":{"name":"buildEntryDateCache","decl":{"start":{"line":91,"column":9},"end":{"line":91,"column":29}},"loc":{"start":{"line":91,"column":67},"end":{"line":97,"column":null}},"line":91},"6":{"name":"createCalendarStore","decl":{"start":{"line":101,"column":16},"end":{"line":101,"column":36}},"loc":{"start":{"line":101,"column":55},"end":{"line":347,"column":null}},"line":101},"7":{"name":"(anonymous_7)","decl":{"start":{"line":113,"column":7},"end":{"line":113,"column":null}},"loc":{"start":{"line":113,"column":7},"end":{"line":114,"column":null}},"line":113},"8":{"name":"(anonymous_8)","decl":{"start":{"line":118,"column":7},"end":{"line":118,"column":null}},"loc":{"start":{"line":119,"column":2},"end":{"line":119,"column":null}},"line":119},"9":{"name":"(anonymous_9)","decl":{"start":{"line":124,"column":2},"end":{"line":124,"column":null}},"loc":{"start":{"line":124,"column":2},"end":{"line":126,"column":null}},"line":124},"10":{"name":"(anonymous_10)","decl":{"start":{"line":130,"column":7},"end":{"line":130,"column":null}},"loc":{"start":{"line":130,"column":7},"end":{"line":132,"column":null}},"line":130},"11":{"name":"(anonymous_11)","decl":{"start":{"line":131,"column":23},"end":{"line":131,"column":null}},"loc":{"start":{"line":132,"column":4},"end":{"line":132,"column":null}},"line":132},"12":{"name":"(anonymous_12)","decl":{"start":{"line":137,"column":7},"end":{"line":137,"column":null}},"loc":{"start":{"line":137,"column":7},"end":{"line":139,"column":null}},"line":137},"13":{"name":"(anonymous_13)","decl":{"start":{"line":138,"column":32},"end":{"line":138,"column":null}},"loc":{"start":{"line":139,"column":4},"end":{"line":139,"column":null}},"line":139},"14":{"name":"(anonymous_14)","decl":{"start":{"line":144,"column":37},"end":{"line":144,"column":null}},"loc":{"start":{"line":144,"column":37},"end":{"line":170,"column":2}},"line":144},"15":{"name":"(anonymous_15)","decl":{"start":{"line":160,"column":13},"end":{"line":160,"column":null}},"loc":{"start":{"line":161,"column":13},"end":{"line":161,"column":null}},"line":161},"16":{"name":"(anonymous_16)","decl":{"start":{"line":174,"column":2},"end":{"line":174,"column":12}},"loc":{"start":{"line":174,"column":2},"end":{"line":177,"column":null}},"line":174},"17":{"name":"(anonymous_17)","decl":{"start":{"line":174,"column":21},"end":{"line":174,"column":29}},"loc":{"start":{"line":174,"column":46},"end":{"line":177,"column":3}},"line":174},"18":{"name":"(anonymous_18)","decl":{"start":{"line":182,"column":2},"end":{"line":182,"column":12}},"loc":{"start":{"line":182,"column":2},"end":{"line":185,"column":null}},"line":182},"19":{"name":"(anonymous_19)","decl":{"start":{"line":182,"column":21},"end":{"line":182,"column":29}},"loc":{"start":{"line":182,"column":46},"end":{"line":185,"column":3}},"line":182},"20":{"name":"getTrainingStatusForDate","decl":{"start":{"line":189,"column":10},"end":{"line":189,"column":35}},"loc":{"start":{"line":189,"column":75},"end":{"line":210,"column":null}},"line":189},"21":{"name":"hasTrainingEntriesForDate","decl":{"start":{"line":212,"column":10},"end":{"line":212,"column":36}},"loc":{"start":{"line":212,"column":69},"end":{"line":214,"column":null}},"line":212},"22":{"name":"setSelectedDate","decl":{"start":{"line":217,"column":10},"end":{"line":217,"column":26}},"loc":{"start":{"line":217,"column":53},"end":{"line":219,"column":null}},"line":217},"23":{"name":"setSchedule","decl":{"start":{"line":221,"column":10},"end":{"line":221,"column":22}},"loc":{"start":{"line":221,"column":45},"end":{"line":223,"column":null}},"line":221},"24":{"name":"loadMonthData","decl":{"start":{"line":225,"column":16},"end":{"line":225,"column":30}},"loc":{"start":{"line":225,"column":42},"end":{"line":264,"column":null}},"line":225},"25":{"name":"goToPreviousMonth","decl":{"start":{"line":267,"column":16},"end":{"line":267,"column":36}},"loc":{"start":{"line":267,"column":36},"end":{"line":272,"column":null}},"line":267},"26":{"name":"goToNextMonth","decl":{"start":{"line":274,"column":16},"end":{"line":274,"column":32}},"loc":{"start":{"line":274,"column":32},"end":{"line":279,"column":null}},"line":274},"27":{"name":"goToToday","decl":{"start":{"line":281,"column":16},"end":{"line":281,"column":28}},"loc":{"start":{"line":281,"column":28},"end":{"line":289,"column":null}},"line":281},"28":{"name":"refresh","decl":{"start":{"line":291,"column":16},"end":{"line":291,"column":26}},"loc":{"start":{"line":291,"column":26},"end":{"line":295,"column":null}},"line":291},"29":{"name":"(anonymous_29)","decl":{"start":{"line":298,"column":6},"end":{"line":298,"column":20}},"loc":{"start":{"line":298,"column":20},"end":{"line":300,"column":null}},"line":298},"30":{"name":"(anonymous_30)","decl":{"start":{"line":301,"column":6},"end":{"line":301,"column":21}},"loc":{"start":{"line":301,"column":21},"end":{"line":303,"column":null}},"line":301},"31":{"name":"(anonymous_31)","decl":{"start":{"line":304,"column":6},"end":{"line":304,"column":27}},"loc":{"start":{"line":304,"column":27},"end":{"line":306,"column":null}},"line":304},"32":{"name":"(anonymous_32)","decl":{"start":{"line":307,"column":6},"end":{"line":307,"column":17}},"loc":{"start":{"line":307,"column":17},"end":{"line":309,"column":null}},"line":307},"33":{"name":"(anonymous_33)","decl":{"start":{"line":310,"column":6},"end":{"line":310,"column":18}},"loc":{"start":{"line":310,"column":18},"end":{"line":312,"column":null}},"line":310},"34":{"name":"(anonymous_34)","decl":{"start":{"line":313,"column":6},"end":{"line":313,"column":14}},"loc":{"start":{"line":313,"column":14},"end":{"line":315,"column":null}},"line":313},"35":{"name":"(anonymous_35)","decl":{"start":{"line":316,"column":6},"end":{"line":316,"column":26}},"loc":{"start":{"line":316,"column":26},"end":{"line":318,"column":null}},"line":316},"36":{"name":"(anonymous_36)","decl":{"start":{"line":319,"column":6},"end":{"line":319,"column":34}},"loc":{"start":{"line":319,"column":34},"end":{"line":321,"column":null}},"line":319},"37":{"name":"(anonymous_37)","decl":{"start":{"line":322,"column":6},"end":{"line":322,"column":18}},"loc":{"start":{"line":322,"column":18},"end":{"line":324,"column":null}},"line":322},"38":{"name":"(anonymous_38)","decl":{"start":{"line":325,"column":6},"end":{"line":325,"column":27}},"loc":{"start":{"line":325,"column":27},"end":{"line":327,"column":null}},"line":325},"39":{"name":"(anonymous_39)","decl":{"start":{"line":328,"column":6},"end":{"line":328,"column":32}},"loc":{"start":{"line":328,"column":32},"end":{"line":330,"column":null}},"line":328}},"branchMap":{"0":{"loc":{"start":{"line":25,"column":12},"end":{"line":25,"column":null}},"type":"binary-expr","locations":[{"start":{"line":25,"column":12},"end":{"line":25,"column":null}},{"start":{"line":25,"column":12},"end":{"line":25,"column":null}}],"line":25},"1":{"loc":{"start":{"line":70,"column":17},"end":{"line":70,"column":43}},"type":"binary-expr","locations":[{"start":{"line":70,"column":17},"end":{"line":70,"column":43}},{"start":{"line":70,"column":26},"end":{"line":70,"column":43}}],"line":70},"2":{"loc":{"start":{"line":73,"column":17},"end":{"line":73,"column":52}},"type":"binary-expr","locations":[{"start":{"line":73,"column":17},"end":{"line":73,"column":52}},{"start":{"line":73,"column":26},"end":{"line":73,"column":52}}],"line":73},"3":{"loc":{"start":{"line":76,"column":17},"end":{"line":76,"column":41}},"type":"binary-expr","locations":[{"start":{"line":76,"column":17},"end":{"line":76,"column":41}},{"start":{"line":76,"column":26},"end":{"line":76,"column":41}}],"line":76},"4":{"loc":{"start":{"line":78,"column":6},"end":{"line":82,"column":null}},"type":"if","locations":[{"start":{"line":78,"column":6},"end":{"line":82,"column":null}},{"start":{"line":80,"column":2},"end":{"line":82,"column":null}}],"line":78},"5":{"loc":{"start":{"line":80,"column":2},"end":{"line":82,"column":null}},"type":"if","locations":[{"start":{"line":80,"column":2},"end":{"line":82,"column":null}},{"start":{},"end":{}}],"line":80},"6":{"loc":{"start":{"line":113,"column":7},"end":{"line":114,"column":null}},"type":"cond-expr","locations":[{"start":{"line":114,"column":13},"end":{"line":114,"column":42}},{"start":{"line":114,"column":42},"end":{"line":114,"column":null}}],"line":113},"7":{"loc":{"start":{"line":119,"column":2},"end":{"line":119,"column":null}},"type":"binary-expr","locations":[{"start":{"line":119,"column":2},"end":{"line":119,"column":null}},{"start":{"line":119,"column":32},"end":{"line":119,"column":null}}],"line":119},"8":{"loc":{"start":{"line":124,"column":2},"end":{"line":126,"column":null}},"type":"cond-expr","locations":[{"start":{"line":125,"column":8},"end":{"line":125,"column":null}},{"start":{"line":126,"column":5},"end":{"line":126,"column":null}}],"line":124},"9":{"loc":{"start":{"line":130,"column":7},"end":{"line":132,"column":null}},"type":"binary-expr","locations":[{"start":{"line":130,"column":7},"end":{"line":132,"column":null}},{"start":{"line":132,"column":58},"end":{"line":132,"column":null}}],"line":130},"10":{"loc":{"start":{"line":137,"column":7},"end":{"line":139,"column":null}},"type":"binary-expr","locations":[{"start":{"line":137,"column":7},"end":{"line":139,"column":null}},{"start":{"line":139,"column":52},"end":{"line":139,"column":null}}],"line":137},"11":{"loc":{"start":{"line":150,"column":24},"end":{"line":150,"column":null}},"type":"cond-expr","locations":[{"start":{"line":150,"column":35},"end":{"line":150,"column":57}},{"start":{"line":150,"column":57},"end":{"line":150,"column":null}}],"line":150},"12":{"loc":{"start":{"line":154,"column":6},"end":{"line":156,"column":null}},"type":"if","locations":[{"start":{"line":154,"column":6},"end":{"line":156,"column":null}},{"start":{},"end":{}}],"line":154},"13":{"loc":{"start":{"line":174,"column":2},"end":{"line":177,"column":null}},"type":"binary-expr","locations":[{"start":{"line":174,"column":2},"end":{"line":177,"column":null}},{"start":{"line":177,"column":3},"end":{"line":177,"column":null}}],"line":174},"14":{"loc":{"start":{"line":175,"column":8},"end":{"line":175,"column":null}},"type":"if","locations":[{"start":{"line":175,"column":8},"end":{"line":175,"column":null}},{"start":{},"end":{}}],"line":175},"15":{"loc":{"start":{"line":176,"column":10},"end":{"line":176,"column":null}},"type":"binary-expr","locations":[{"start":{"line":176,"column":10},"end":{"line":176,"column":58}},{"start":{"line":176,"column":36},"end":{"line":176,"column":null}}],"line":176},"16":{"loc":{"start":{"line":182,"column":2},"end":{"line":185,"column":null}},"type":"binary-expr","locations":[{"start":{"line":182,"column":2},"end":{"line":185,"column":null}},{"start":{"line":185,"column":3},"end":{"line":185,"column":null}}],"line":182},"17":{"loc":{"start":{"line":183,"column":8},"end":{"line":183,"column":null}},"type":"if","locations":[{"start":{"line":183,"column":8},"end":{"line":183,"column":null}},{"start":{},"end":{}}],"line":183},"18":{"loc":{"start":{"line":184,"column":10},"end":{"line":184,"column":null}},"type":"binary-expr","locations":[{"start":{"line":184,"column":10},"end":{"line":184,"column":58}},{"start":{"line":184,"column":36},"end":{"line":184,"column":null}}],"line":184},"19":{"loc":{"start":{"line":190,"column":7},"end":{"line":190,"column":null}},"type":"if","locations":[{"start":{"line":190,"column":7},"end":{"line":190,"column":null}},{"start":{},"end":{}}],"line":190},"20":{"loc":{"start":{"line":199,"column":17},"end":{"line":199,"column":null}},"type":"binary-expr","locations":[{"start":{"line":199,"column":17},"end":{"line":199,"column":40}},{"start":{"line":199,"column":30},"end":{"line":199,"column":null}}],"line":199},"21":{"loc":{"start":{"line":201,"column":6},"end":{"line":205,"column":null}},"type":"if","locations":[{"start":{"line":201,"column":6},"end":{"line":205,"column":null}},{"start":{},"end":{}}],"line":201},"22":{"loc":{"start":{"line":202,"column":7},"end":{"line":202,"column":null}},"type":"if","locations":[{"start":{"line":202,"column":7},"end":{"line":202,"column":null}},{"start":{},"end":{}}],"line":202},"23":{"loc":{"start":{"line":203,"column":7},"end":{"line":203,"column":null}},"type":"if","locations":[{"start":{"line":203,"column":7},"end":{"line":203,"column":null}},{"start":{},"end":{}}],"line":203},"24":{"loc":{"start":{"line":203,"column":63},"end":{"line":203,"column":null}},"type":"cond-expr","locations":[{"start":{"line":203,"column":72},"end":{"line":203,"column":83}},{"start":{"line":203,"column":83},"end":{"line":203,"column":null}}],"line":203},"25":{"loc":{"start":{"line":207,"column":6},"end":{"line":207,"column":null}},"type":"if","locations":[{"start":{"line":207,"column":6},"end":{"line":207,"column":null}},{"start":{},"end":{}}],"line":207},"26":{"loc":{"start":{"line":208,"column":6},"end":{"line":208,"column":null}},"type":"if","locations":[{"start":{"line":208,"column":6},"end":{"line":208,"column":null}},{"start":{},"end":{}}],"line":208},"27":{"loc":{"start":{"line":208,"column":58},"end":{"line":208,"column":null}},"type":"cond-expr","locations":[{"start":{"line":208,"column":67},"end":{"line":208,"column":78}},{"start":{"line":208,"column":78},"end":{"line":208,"column":null}}],"line":208},"28":{"loc":{"start":{"line":235,"column":7},"end":{"line":238,"column":null}},"type":"if","locations":[{"start":{"line":235,"column":7},"end":{"line":238,"column":null}},{"start":{},"end":{}}],"line":235},"29":{"loc":{"start":{"line":242,"column":8},"end":{"line":244,"column":null}},"type":"if","locations":[{"start":{"line":242,"column":8},"end":{"line":244,"column":null}},{"start":{},"end":{}}],"line":242},"30":{"loc":{"start":{"line":250,"column":11},"end":{"line":250,"column":null}},"type":"cond-expr","locations":[{"start":{"line":250,"column":34},"end":{"line":250,"column":44}},{"start":{"line":250,"column":34},"end":{"line":250,"column":null}}],"line":250}},"s":{"0":1,"1":1,"2":1,"3":1,"4":7,"5":7,"6":7,"7":7,"8":7,"9":7,"10":18,"11":12,"12":12,"13":12,"14":12,"15":12,"16":4,"17":12,"18":3,"19":12,"20":2,"21":2,"22":1,"23":1,"24":1,"25":5,"26":5,"27":5,"28":5,"29":51,"30":51,"31":51,"32":51,"33":51,"34":51,"35":13,"36":51,"37":5,"38":51,"39":15,"40":3,"41":2,"42":3,"43":2,"44":51,"45":4,"46":4,"47":4,"48":4,"49":4,"50":4,"51":4,"52":1,"53":4,"54":4,"55":141,"56":51,"57":5,"58":1,"59":3,"60":51,"61":4,"62":1,"63":2,"64":1,"65":12,"66":12,"67":12,"68":12,"69":12,"70":12,"71":12,"72":13,"73":4,"74":1,"75":3,"76":2,"77":1,"78":8,"79":1,"80":7,"81":3,"82":4,"83":2,"84":18,"85":24,"86":16,"87":16,"88":16,"89":16,"90":16,"91":16,"92":16,"93":1,"94":15,"95":13,"96":1,"97":12,"98":12,"99":12,"100":3,"101":16,"102":3,"103":3,"104":3,"105":3,"106":2,"107":2,"108":2,"109":2,"110":1,"111":1,"112":2,"113":2,"114":11,"115":4,"116":4,"117":6,"118":4,"119":5,"120":4,"121":4,"122":6,"123":5,"124":4},"f":{"0":1,"1":7,"2":7,"3":18,"4":12,"5":5,"6":51,"7":13,"8":5,"9":15,"10":3,"11":2,"12":3,"13":2,"14":4,"15":141,"16":5,"17":4,"18":4,"19":3,"20":13,"21":2,"22":18,"23":24,"24":16,"25":3,"26":2,"27":1,"28":2,"29":11,"30":4,"31":4,"32":6,"33":4,"34":5,"35":4,"36":4,"37":6,"38":5,"39":4},"b":{"0":[1,1],"1":[12,0],"2":[12,0],"3":[12,0],"4":[1,1],"5":[1,0],"6":[12,1],"7":[5,0],"8":[11,4],"9":[3,1],"10":[3,1],"11":[1,3],"12":[1,3],"13":[5,1],"14":[1,3],"15":[3,2],"16":[4,1],"17":[1,2],"18":[2,2],"19":[1,12],"20":[12,9],"21":[4,9],"22":[1,3],"23":[2,1],"24":[1,1],"25":[1,7],"26":[3,4],"27":[1,2],"28":[1,15],"29":[1,12],"30":[2,1]},"meta":{"lastBranch":31,"lastFunction":40,"lastStatement":125,"seen":{"s:25:12:25:Infinity":0,"f:25:12:25:Infinity":0,"s:26:1:26:Infinity":1,"s:27:1:27:Infinity":2,"s:28:1:28:Infinity":3,"b:25:12:25:Infinity:25:12:25:Infinity":0,"f:34:9:34:25":1,"s:35:8:35:Infinity":4,"f:39:9:39:25":2,"s:42:7:42:Infinity":5,"s:43:11:43:Infinity":6,"s:44:11:44:Infinity":7,"s:45:13:45:Infinity":8,"s:46:11:46:Infinity":9,"f:50:9:50:18":3,"s:51:11:51:Infinity":10,"f:64:9:64:26":4,"s:65:7:65:Infinity":11,"s:66:7:66:Infinity":12,"s:67:7:67:Infinity":13,"s:68:7:68:Infinity":14,"s:70:12:72:Infinity":15,"b:70:17:70:43:70:26:70:43":1,"s:71:2:71:Infinity":16,"s:73:12:75:Infinity":17,"b:73:17:73:52:73:26:73:52":2,"s:74:2:74:Infinity":18,"s:76:12:83:Infinity":19,"b:76:17:76:41:76:26:76:41":3,"s:77:12:77:Infinity":20,"b:78:6:82:Infinity:80:2:82:Infinity":4,"s:78:6:82:Infinity":21,"s:79:3:79:Infinity":22,"b:80:2:82:Infinity:undefined:undefined:undefined:undefined":5,"s:80:2:82:Infinity":23,"s:81:3:81:Infinity":24,"f:91:9:91:29":5,"s:92:7:92:Infinity":25,"s:93:12:95:Infinity":26,"s:94:2:94:Infinity":27,"s:96:8:96:Infinity":28,"f:101:16:101:36":6,"s:103:5:103:Infinity":29,"s:104:5:104:Infinity":30,"s:105:5:105:Infinity":31,"s:106:5:106:Infinity":32,"s:107:5:107:Infinity":33,"s:110:7:110:Infinity":34,"s:113:7:114:Infinity":35,"f:113:7:113:Infinity":7,"b:114:13:114:42:114:42:114:Infinity":6,"s:118:7:119:Infinity":36,"f:118:7:118:Infinity":8,"s:119:2:119:Infinity":37,"b:119:2:119:Infinity:119:32:119:Infinity":7,"s:123:7:126:Infinity":38,"f:124:2:124:Infinity":9,"s:124:2:126:Infinity":39,"b:125:8:125:Infinity:126:5:126:Infinity":8,"s:130:7:132:Infinity":40,"f:130:7:130:Infinity":10,"b:130:7:132:Infinity:132:58:132:Infinity":9,"f:131:23:131:Infinity":11,"s:132:4:132:Infinity":41,"s:137:7:139:Infinity":42,"f:137:7:137:Infinity":12,"b:137:7:139:Infinity:139:52:139:Infinity":10,"f:138:32:138:Infinity":13,"s:139:4:139:Infinity":43,"s:144:7:170:Infinity":44,"f:144:37:144:Infinity":14,"s:145:8:145:Infinity":45,"s:146:8:146:Infinity":46,"s:148:8:148:Infinity":47,"s:149:8:149:Infinity":48,"s:150:24:150:Infinity":49,"b:150:35:150:57:150:57:150:Infinity":11,"s:152:6:153:Infinity":50,"b:154:6:156:Infinity:undefined:undefined:undefined:undefined":12,"s:154:6:156:Infinity":51,"s:155:3:155:Infinity":52,"s:157:22:157:Infinity":53,"s:159:32:161:Infinity":54,"f:160:13:160:Infinity":15,"s:161:13:161:Infinity":55,"s:173:7:177:Infinity":56,"f:174:2:174:12":16,"s:174:2:177:Infinity":57,"b:174:2:177:Infinity:177:3:177:Infinity":13,"f:174:21:174:29":17,"b:175:8:175:Infinity:undefined:undefined:undefined:undefined":14,"s:175:8:175:Infinity":58,"s:176:10:176:Infinity":59,"b:176:10:176:58:176:36:176:Infinity":15,"s:181:7:185:Infinity":60,"f:182:2:182:12":18,"s:182:2:185:Infinity":61,"b:182:2:185:Infinity:185:3:185:Infinity":16,"f:182:21:182:29":19,"b:183:8:183:Infinity:undefined:undefined:undefined:undefined":17,"s:183:8:183:Infinity":62,"s:184:10:184:Infinity":63,"b:184:10:184:58:184:36:184:Infinity":18,"f:189:10:189:35":20,"b:190:7:190:Infinity:undefined:undefined:undefined:undefined":19,"s:190:7:190:Infinity":64,"s:192:8:192:Infinity":65,"s:193:8:193:Infinity":66,"s:194:8:194:Infinity":67,"s:196:8:196:Infinity":68,"s:197:8:197:Infinity":69,"s:198:8:198:Infinity":70,"s:199:17:199:Infinity":71,"b:199:17:199:40:199:30:199:Infinity":20,"b:201:6:205:Infinity:undefined:undefined:undefined:undefined":21,"s:201:6:205:Infinity":72,"b:202:7:202:Infinity:undefined:undefined:undefined:undefined":22,"s:202:7:202:Infinity":73,"s:202:53:202:Infinity":74,"b:203:7:203:Infinity:undefined:undefined:undefined:undefined":23,"s:203:7:203:Infinity":75,"s:203:53:203:Infinity":76,"b:203:72:203:83:203:83:203:Infinity":24,"s:204:10:204:Infinity":77,"b:207:6:207:Infinity:undefined:undefined:undefined:undefined":25,"s:207:6:207:Infinity":78,"s:207:48:207:Infinity":79,"b:208:6:208:Infinity:undefined:undefined:undefined:undefined":26,"s:208:6:208:Infinity":80,"s:208:48:208:Infinity":81,"b:208:67:208:78:208:78:208:Infinity":27,"s:209:9:209:Infinity":82,"f:212:10:212:36":21,"s:213:9:213:Infinity":83,"f:217:10:217:26":22,"s:218:2:218:Infinity":84,"f:221:10:221:22":23,"s:222:2:222:Infinity":85,"f:225:16:225:30":24,"s:226:2:226:Infinity":86,"s:227:2:227:Infinity":87,"s:229:6:263:Infinity":88,"s:230:3:230:Infinity":89,"s:231:15:231:Infinity":90,"s:234:18:234:Infinity":91,"b:235:7:238:Infinity:undefined:undefined:undefined:undefined":28,"s:235:7:238:Infinity":92,"s:236:4:236:Infinity":93,"s:240:9:240:Infinity":94,"b:242:8:244:Infinity:undefined:undefined:undefined:undefined":29,"s:242:8:244:Infinity":95,"s:243:14:243:Infinity":96,"s:246:9:246:Infinity":97,"s:247:3:247:Infinity":98,"s:248:3:248:Infinity":99,"s:250:3:250:Infinity":100,"b:250:34:250:44:250:34:250:Infinity":30,"s:262:3:262:Infinity":101,"f:267:16:267:36":25,"s:268:8:268:Infinity":102,"s:269:2:269:Infinity":103,"s:270:2:270:Infinity":104,"s:271:8:271:Infinity":105,"f:274:16:274:32":26,"s:275:8:275:Infinity":106,"s:276:2:276:Infinity":107,"s:277:2:277:Infinity":108,"s:278:8:278:Infinity":109,"f:281:16:281:28":27,"s:282:8:282:Infinity":110,"s:288:8:288:Infinity":111,"f:291:16:291:26":28,"s:293:2:293:Infinity":112,"s:294:8:294:Infinity":113,"f:298:6:298:20":29,"s:299:10:299:Infinity":114,"f:301:6:301:21":30,"s:302:10:302:Infinity":115,"f:304:6:304:27":31,"s:305:10:305:Infinity":116,"f:307:6:307:17":32,"s:308:10:308:Infinity":117,"f:310:6:310:18":33,"s:311:10:311:Infinity":118,"f:313:6:313:14":34,"s:314:10:314:Infinity":119,"f:316:6:316:26":35,"s:317:10:317:Infinity":120,"f:319:6:319:34":36,"s:320:10:320:Infinity":121,"f:322:6:322:18":37,"s:323:10:323:Infinity":122,"f:325:6:325:27":38,"s:326:10:326:Infinity":123,"f:328:6:328:32":39,"s:329:10:329:Infinity":124}}}
,"/Users/nb/Projects/trenara-web/src/lib/utils/date.ts": {"path":"/Users/nb/Projects/trenara-web/src/lib/utils/date.ts","statementMap":{"0":{"start":{"line":2,"column":1},"end":{"line":2,"column":null}},"1":{"start":{"line":6,"column":14},"end":{"line":6,"column":null}},"2":{"start":{"line":7,"column":15},"end":{"line":7,"column":null}},"3":{"start":{"line":8,"column":29},"end":{"line":8,"column":null}},"4":{"start":{"line":9,"column":25},"end":{"line":9,"column":null}},"5":{"start":{"line":10,"column":23},"end":{"line":10,"column":null}},"6":{"start":{"line":11,"column":21},"end":{"line":11,"column":null}},"7":{"start":{"line":12,"column":22},"end":{"line":12,"column":null}},"8":{"start":{"line":14,"column":20},"end":{"line":14,"column":null}},"9":{"start":{"line":15,"column":1},"end":{"line":15,"column":null}},"10":{"start":{"line":17,"column":28},"end":{"line":17,"column":null}},"11":{"start":{"line":18,"column":1},"end":{"line":18,"column":null}},"12":{"start":{"line":19,"column":1},"end":{"line":22,"column":null}},"13":{"start":{"line":19,"column":14},"end":{"line":19,"column":33}},"14":{"start":{"line":20,"column":2},"end":{"line":20,"column":null}},"15":{"start":{"line":21,"column":2},"end":{"line":21,"column":null}},"16":{"start":{"line":23,"column":1},"end":{"line":23,"column":null}}},"fnMap":{"0":{"name":"formatDateString","decl":{"start":{"line":1,"column":16},"end":{"line":1,"column":33}},"loc":{"start":{"line":1,"column":83},"end":{"line":3,"column":null}},"line":1},"1":{"name":"getMonthTimestamps","decl":{"start":{"line":5,"column":16},"end":{"line":5,"column":35}},"loc":{"start":{"line":5,"column":55},"end":{"line":24,"column":null}},"line":5}},"branchMap":{"0":{"loc":{"start":{"line":10,"column":23},"end":{"line":10,"column":null}},"type":"cond-expr","locations":[{"start":{"line":10,"column":47},"end":{"line":10,"column":51}},{"start":{"line":10,"column":51},"end":{"line":10,"column":null}}],"line":10},"1":{"loc":{"start":{"line":15,"column":39},"end":{"line":15,"column":92}},"type":"binary-expr","locations":[{"start":{"line":15,"column":39},"end":{"line":15,"column":90}},{"start":{"line":15,"column":90},"end":{"line":15,"column":92}}],"line":15}},"s":{"0":6,"1":8,"2":8,"3":8,"4":8,"5":8,"6":8,"7":8,"8":8,"9":8,"10":8,"11":8,"12":8,"13":8,"14":31,"15":31,"16":8},"f":{"0":6,"1":8},"b":{"0":[1,7],"1":[8,1]},"meta":{"lastBranch":2,"lastFunction":2,"lastStatement":17,"seen":{"f:1:16:1:33":0,"s:2:1:2:Infinity":0,"f:5:16:5:35":1,"s:6:14:6:Infinity":1,"s:7:15:7:Infinity":2,"s:8:29:8:Infinity":3,"s:9:25:9:Infinity":4,"s:10:23:10:Infinity":5,"b:10:47:10:51:10:51:10:Infinity":0,"s:11:21:11:Infinity":6,"s:12:22:12:Infinity":7,"s:14:20:14:Infinity":8,"s:15:1:15:Infinity":9,"b:15:39:15:90:15:90:15:92":1,"s:17:28:17:Infinity":10,"s:18:1:18:Infinity":11,"s:19:1:22:Infinity":12,"s:19:14:19:33":13,"s:20:2:20:Infinity":14,"s:21:2:21:Infinity":15,"s:23:1:23:Infinity":16}}}
,"/Users/nb/Projects/trenara-web/src/lib/utils/format.ts": {"path":"/Users/nb/Projects/trenara-web/src/lib/utils/format.ts","statementMap":{"0":{"start":{"line":2,"column":15},"end":{"line":2,"column":null}},"1":{"start":{"line":3,"column":1},"end":{"line":3,"column":null}},"2":{"start":{"line":3,"column":25},"end":{"line":3,"column":null}},"3":{"start":{"line":4,"column":1},"end":{"line":4,"column":null}},"4":{"start":{"line":8,"column":1},"end":{"line":8,"column":null}},"5":{"start":{"line":15,"column":15},"end":{"line":15,"column":null}},"6":{"start":{"line":16,"column":1},"end":{"line":16,"column":null}},"7":{"start":{"line":16,"column":25},"end":{"line":16,"column":null}},"8":{"start":{"line":17,"column":1},"end":{"line":17,"column":null}},"9":{"start":{"line":17,"column":25},"end":{"line":17,"column":null}},"10":{"start":{"line":18,"column":1},"end":{"line":18,"column":null}},"11":{"start":{"line":25,"column":15},"end":{"line":25,"column":null}},"12":{"start":{"line":26,"column":15},"end":{"line":26,"column":null}},"13":{"start":{"line":27,"column":1},"end":{"line":27,"column":null}},"14":{"start":{"line":27,"column":25},"end":{"line":27,"column":null}},"15":{"start":{"line":28,"column":1},"end":{"line":28,"column":null}},"16":{"start":{"line":35,"column":11},"end":{"line":35,"column":null}},"17":{"start":{"line":36,"column":11},"end":{"line":36,"column":null}},"18":{"start":{"line":37,"column":11},"end":{"line":37,"column":null}},"19":{"start":{"line":38,"column":1},"end":{"line":38,"column":null}},"20":{"start":{"line":45,"column":11},"end":{"line":45,"column":null}},"21":{"start":{"line":46,"column":11},"end":{"line":46,"column":null}},"22":{"start":{"line":47,"column":1},"end":{"line":47,"column":null}},"23":{"start":{"line":54,"column":11},"end":{"line":54,"column":null}},"24":{"start":{"line":55,"column":1},"end":{"line":55,"column":null}}},"fnMap":{"0":{"name":"formatTime","decl":{"start":{"line":1,"column":16},"end":{"line":1,"column":27}},"loc":{"start":{"line":1,"column":55},"end":{"line":5,"column":null}},"line":1},"1":{"name":"formatPace","decl":{"start":{"line":7,"column":16},"end":{"line":7,"column":27}},"loc":{"start":{"line":7,"column":55},"end":{"line":9,"column":null}},"line":7},"2":{"name":"timeStringToSeconds","decl":{"start":{"line":14,"column":16},"end":{"line":14,"column":36}},"loc":{"start":{"line":14,"column":61},"end":{"line":19,"column":null}},"line":14},"3":{"name":"paceStringToSeconds","decl":{"start":{"line":24,"column":16},"end":{"line":24,"column":36}},"loc":{"start":{"line":24,"column":61},"end":{"line":29,"column":null}},"line":24},"4":{"name":"secondsToTimeString","decl":{"start":{"line":34,"column":16},"end":{"line":34,"column":36}},"loc":{"start":{"line":34,"column":66},"end":{"line":39,"column":null}},"line":34},"5":{"name":"secondsToPaceString","decl":{"start":{"line":44,"column":16},"end":{"line":44,"column":36}},"loc":{"start":{"line":44,"column":66},"end":{"line":48,"column":null}},"line":44},"6":{"name":"formatDateShort","decl":{"start":{"line":53,"column":16},"end":{"line":53,"column":32}},"loc":{"start":{"line":53,"column":57},"end":{"line":56,"column":null}},"line":53}},"branchMap":{"0":{"loc":{"start":{"line":3,"column":1},"end":{"line":3,"column":null}},"type":"if","locations":[{"start":{"line":3,"column":1},"end":{"line":3,"column":null}},{"start":{},"end":{}}],"line":3},"1":{"loc":{"start":{"line":16,"column":1},"end":{"line":16,"column":null}},"type":"if","locations":[{"start":{"line":16,"column":1},"end":{"line":16,"column":null}},{"start":{},"end":{}}],"line":16},"2":{"loc":{"start":{"line":17,"column":1},"end":{"line":17,"column":null}},"type":"if","locations":[{"start":{"line":17,"column":1},"end":{"line":17,"column":null}},{"start":{},"end":{}}],"line":17},"3":{"loc":{"start":{"line":27,"column":1},"end":{"line":27,"column":null}},"type":"if","locations":[{"start":{"line":27,"column":1},"end":{"line":27,"column":null}},{"start":{},"end":{}}],"line":27}},"s":{"0":4,"1":4,"2":2,"3":2,"4":2,"5":8,"6":8,"7":5,"8":3,"9":3,"10":2,"11":7,"12":7,"13":7,"14":5,"15":2,"16":7,"17":7,"18":7,"19":7,"20":7,"21":7,"22":7,"23":4,"24":4},"f":{"0":4,"1":2,"2":8,"3":7,"4":7,"5":7,"6":4},"b":{"0":[2,2],"1":[5,3],"2":[1,2],"3":[5,2]},"meta":{"lastBranch":4,"lastFunction":7,"lastStatement":25,"seen":{"f:1:16:1:27":0,"s:2:15:2:Infinity":0,"b:3:1:3:Infinity:undefined:undefined:undefined:undefined":0,"s:3:1:3:Infinity":1,"s:3:25:3:Infinity":2,"s:4:1:4:Infinity":3,"f:7:16:7:27":1,"s:8:1:8:Infinity":4,"f:14:16:14:36":2,"s:15:15:15:Infinity":5,"b:16:1:16:Infinity:undefined:undefined:undefined:undefined":1,"s:16:1:16:Infinity":6,"s:16:25:16:Infinity":7,"b:17:1:17:Infinity:undefined:undefined:undefined:undefined":2,"s:17:1:17:Infinity":8,"s:17:25:17:Infinity":9,"s:18:1:18:Infinity":10,"f:24:16:24:36":3,"s:25:15:25:Infinity":11,"s:26:15:26:Infinity":12,"b:27:1:27:Infinity:undefined:undefined:undefined:undefined":3,"s:27:1:27:Infinity":13,"s:27:25:27:Infinity":14,"s:28:1:28:Infinity":15,"f:34:16:34:36":4,"s:35:11:35:Infinity":16,"s:36:11:36:Infinity":17,"s:37:11:37:Infinity":18,"s:38:1:38:Infinity":19,"f:44:16:44:36":5,"s:45:11:45:Infinity":20,"s:46:11:46:Infinity":21,"s:47:1:47:Infinity":22,"f:53:16:53:32":6,"s:54:11:54:Infinity":23,"s:55:1:55:Infinity":24}}}
}
