{"/Users/nb/Projects/trenara-web/src/lib/schemas/prediction.ts": {"path":"/Users/nb/Projects/trenara-web/src/lib/schemas/prediction.ts","statementMap":{"0":{"start":{"line":3,"column":38},"end":{"line":6,"column":null}},"1":{"start":{"line":8,"column":44},"end":{"line":12,"column":null}}},"fnMap":{},"branchMap":{},"s":{"0":1,"1":1},"f":{},"b":{},"meta":{"lastBranch":0,"lastFunction":0,"lastStatement":2,"seen":{"s:3:38:6:Infinity":0,"s:8:44:12:Infinity":1}}}
,"/Users/nb/Projects/trenara-web/src/lib/schemas/training.ts": {"path":"/Users/nb/Projects/trenara-web/src/lib/schemas/training.ts","statementMap":{"0":{"start":{"line":3,"column":33},"end":{"line":8,"column":null}},"1":{"start":{"line":10,"column":30},"end":{"line":13,"column":null}},"2":{"start":{"line":15,"column":32},"end":{"line":20,"column":null}}},"fnMap":{},"branchMap":{},"s":{"0":1,"1":1,"2":1},"f":{},"b":{},"meta":{"lastBranch":0,"lastFunction":0,"lastStatement":3,"seen":{"s:3:33:8:Infinity":0,"s:10:30:13:Infinity":1,"s:15:32:20:Infinity":2}}}
,"/Users/nb/Projects/trenara-web/src/lib/server/db/prediction-history.ts": {"path":"/Users/nb/Projects/trenara-web/src/lib/server/db/prediction-history.ts","statementMap":{"0":{"start":{"line":19,"column":38},"end":{"line":19,"column":null}},"1":{"start":{"line":20,"column":38},"end":{"line":20,"column":null}},"2":{"start":{"line":23,"column":2},"end":{"line":23,"column":null}},"3":{"start":{"line":27,"column":2},"end":{"line":27,"column":null}},"4":{"start":{"line":31,"column":2},"end":{"line":31,"column":null}},"5":{"start":{"line":35,"column":2},"end":{"line":35,"column":null}},"6":{"start":{"line":45,"column":2},"end":{"line":47,"column":null}},"7":{"start":{"line":46,"column":3},"end":{"line":46,"column":null}},"8":{"start":{"line":48,"column":2},"end":{"line":48,"column":null}},"9":{"start":{"line":52,"column":26},"end":{"line":59,"column":null}},"10":{"start":{"line":61,"column":2},"end":{"line":61,"column":null}},"11":{"start":{"line":61,"column":22},"end":{"line":61,"column":null}},"12":{"start":{"line":62,"column":2},"end":{"line":62,"column":null}},"13":{"start":{"line":69,"column":14},"end":{"line":73,"column":null}},"14":{"start":{"line":75,"column":2},"end":{"line":77,"column":null}},"15":{"start":{"line":76,"column":3},"end":{"line":76,"column":null}},"16":{"start":{"line":78,"column":2},"end":{"line":80,"column":null}},"17":{"start":{"line":79,"column":3},"end":{"line":79,"column":null}},"18":{"start":{"line":81,"column":2},"end":{"line":83,"column":null}},"19":{"start":{"line":82,"column":3},"end":{"line":82,"column":null}},"20":{"start":{"line":85,"column":26},"end":{"line":85,"column":null}},"21":{"start":{"line":86,"column":2},"end":{"line":89,"column":null}},"22":{"start":{"line":87,"column":3},"end":{"line":87,"column":null}},"23":{"start":{"line":88,"column":3},"end":{"line":88,"column":null}},"24":{"start":{"line":90,"column":2},"end":{"line":90,"column":null}},"25":{"start":{"line":98,"column":2},"end":{"line":100,"column":null}},"26":{"start":{"line":99,"column":3},"end":{"line":99,"column":null}},"27":{"start":{"line":102,"column":17},"end":{"line":102,"column":null}},"28":{"start":{"line":103,"column":2},"end":{"line":105,"column":null}},"29":{"start":{"line":104,"column":3},"end":{"line":104,"column":null}},"30":{"start":{"line":107,"column":8},"end":{"line":107,"column":null}},"31":{"start":{"line":108,"column":26},"end":{"line":120,"column":null}},"32":{"start":{"line":122,"column":2},"end":{"line":125,"column":null}},"33":{"start":{"line":123,"column":3},"end":{"line":123,"column":null}},"34":{"start":{"line":124,"column":3},"end":{"line":124,"column":null}},"35":{"start":{"line":127,"column":2},"end":{"line":127,"column":null}},"36":{"start":{"line":131,"column":26},"end":{"line":136,"column":null}},"37":{"start":{"line":138,"column":2},"end":{"line":141,"column":null}},"38":{"start":{"line":139,"column":3},"end":{"line":139,"column":null}},"39":{"start":{"line":140,"column":3},"end":{"line":140,"column":null}},"40":{"start":{"line":142,"column":2},"end":{"line":142,"column":null}},"41":{"start":{"line":146,"column":36},"end":{"line":146,"column":null}}},"fnMap":{"0":{"name":"(anonymous_0)","decl":{"start":{"line":22,"column":8},"end":{"line":22,"column":21}},"loc":{"start":{"line":22,"column":44},"end":{"line":24,"column":null}},"line":22},"1":{"name":"(anonymous_1)","decl":{"start":{"line":26,"column":8},"end":{"line":26,"column":21}},"loc":{"start":{"line":26,"column":44},"end":{"line":28,"column":null}},"line":26},"2":{"name":"(anonymous_2)","decl":{"start":{"line":30,"column":8},"end":{"line":30,"column":23}},"loc":{"start":{"line":30,"column":48},"end":{"line":32,"column":null}},"line":30},"3":{"name":"(anonymous_3)","decl":{"start":{"line":34,"column":8},"end":{"line":34,"column":21}},"loc":{"start":{"line":34,"column":44},"end":{"line":36,"column":null}},"line":34},"4":{"name":"(anonymous_4)","decl":{"start":{"line":42,"column":9},"end":{"line":42,"column":23}},"loc":{"start":{"line":42,"column":23},"end":{"line":42,"column":null}},"line":42},"5":{"name":"(anonymous_5)","decl":{"start":{"line":44,"column":8},"end":{"line":44,"column":44}},"loc":{"start":{"line":44,"column":44},"end":{"line":49,"column":null}},"line":44},"6":{"name":"(anonymous_6)","decl":{"start":{"line":51,"column":7},"end":{"line":51,"column":27}},"loc":{"start":{"line":51,"column":77},"end":{"line":63,"column":null}},"line":51},"7":{"name":"(anonymous_7)","decl":{"start":{"line":65,"column":7},"end":{"line":65,"column":null}},"loc":{"start":{"line":68,"column":32},"end":{"line":91,"column":null}},"line":68},"8":{"name":"(anonymous_8)","decl":{"start":{"line":93,"column":7},"end":{"line":93,"column":null}},"loc":{"start":{"line":97,"column":60},"end":{"line":128,"column":null}},"line":97},"9":{"name":"(anonymous_9)","decl":{"start":{"line":130,"column":7},"end":{"line":130,"column":36}},"loc":{"start":{"line":130,"column":92},"end":{"line":143,"column":null}},"line":130}},"branchMap":{"0":{"loc":{"start":{"line":31,"column":9},"end":{"line":31,"column":null}},"type":"binary-expr","locations":[{"start":{"line":31,"column":9},"end":{"line":31,"column":37}},{"start":{"line":31,"column":37},"end":{"line":31,"column":null}}],"line":31},"1":{"loc":{"start":{"line":45,"column":2},"end":{"line":47,"column":null}},"type":"if","locations":[{"start":{"line":45,"column":2},"end":{"line":47,"column":null}},{"start":{},"end":{}}],"line":45},"2":{"loc":{"start":{"line":61,"column":2},"end":{"line":61,"column":null}},"type":"if","locations":[{"start":{"line":61,"column":2},"end":{"line":61,"column":null}},{"start":{},"end":{}}],"line":61},"3":{"loc":{"start":{"line":61,"column":6},"end":{"line":61,"column":22}},"type":"binary-expr","locations":[{"start":{"line":61,"column":6},"end":{"line":61,"column":15}},{"start":{"line":61,"column":15},"end":{"line":61,"column":22}}],"line":61},"4":{"loc":{"start":{"line":67,"column":2},"end":{"line":67,"column":null}},"type":"default-arg","locations":[{"start":{"line":67,"column":38},"end":{"line":67,"column":null}}],"line":67},"5":{"loc":{"start":{"line":75,"column":2},"end":{"line":77,"column":null}},"type":"if","locations":[{"start":{"line":75,"column":2},"end":{"line":77,"column":null}},{"start":{},"end":{}}],"line":75},"6":{"loc":{"start":{"line":78,"column":2},"end":{"line":80,"column":null}},"type":"if","locations":[{"start":{"line":78,"column":2},"end":{"line":80,"column":null}},{"start":{},"end":{}}],"line":78},"7":{"loc":{"start":{"line":81,"column":2},"end":{"line":83,"column":null}},"type":"if","locations":[{"start":{"line":81,"column":2},"end":{"line":83,"column":null}},{"start":{},"end":{}}],"line":81},"8":{"loc":{"start":{"line":86,"column":2},"end":{"line":89,"column":null}},"type":"if","locations":[{"start":{"line":86,"column":2},"end":{"line":89,"column":null}},{"start":{},"end":{}}],"line":86},"9":{"loc":{"start":{"line":90,"column":10},"end":{"line":90,"column":null}},"type":"binary-expr","locations":[{"start":{"line":90,"column":10},"end":{"line":90,"column":18}},{"start":{"line":90,"column":18},"end":{"line":90,"column":null}}],"line":90},"10":{"loc":{"start":{"line":98,"column":2},"end":{"line":100,"column":null}},"type":"if","locations":[{"start":{"line":98,"column":2},"end":{"line":100,"column":null}},{"start":{},"end":{}}],"line":98},"11":{"loc":{"start":{"line":98,"column":6},"end":{"line":98,"column":90}},"type":"binary-expr","locations":[{"start":{"line":98,"column":6},"end":{"line":98,"column":49}},{"start":{"line":98,"column":49},"end":{"line":98,"column":90}}],"line":98},"12":{"loc":{"start":{"line":103,"column":2},"end":{"line":105,"column":null}},"type":"if","locations":[{"start":{"line":103,"column":2},"end":{"line":105,"column":null}},{"start":{},"end":{}}],"line":103},"13":{"loc":{"start":{"line":103,"column":6},"end":{"line":103,"column":82}},"type":"binary-expr","locations":[{"start":{"line":103,"column":6},"end":{"line":103,"column":16}},{"start":{"line":103,"column":16},"end":{"line":103,"column":50}},{"start":{"line":103,"column":50},"end":{"line":103,"column":82}}],"line":103},"14":{"loc":{"start":{"line":122,"column":2},"end":{"line":125,"column":null}},"type":"if","locations":[{"start":{"line":122,"column":2},"end":{"line":125,"column":null}},{"start":{},"end":{}}],"line":122},"15":{"loc":{"start":{"line":138,"column":2},"end":{"line":141,"column":null}},"type":"if","locations":[{"start":{"line":138,"column":2},"end":{"line":141,"column":null}},{"start":{},"end":{}}],"line":138},"16":{"loc":{"start":{"line":142,"column":9},"end":{"line":142,"column":null}},"type":"binary-expr","locations":[{"start":{"line":142,"column":9},"end":{"line":142,"column":25}},{"start":{"line":142,"column":25},"end":{"line":142,"column":null}}],"line":142}},"s":{"0":1,"1":1,"2":14,"3":12,"4":5,"5":4,"6":17,"7":1,"8":17,"9":4,"10":4,"11":2,"12":2,"13":7,"14":7,"15":1,"16":7,"17":1,"18":7,"19":1,"20":7,"21":7,"22":1,"23":1,"24":6,"25":6,"26":2,"27":4,"28":4,"29":1,"30":3,"31":3,"32":3,"33":1,"34":1,"35":2,"36":3,"37":3,"38":1,"39":1,"40":2,"41":1},"f":{"0":1,"1":1,"2":1,"3":1,"4":1,"5":1,"6":4,"7":7,"8":6,"9":3},"b":{"0":[5,4],"1":[1,16],"2":[2,2],"3":[4,2],"4":[7],"5":[1,6],"6":[1,6],"7":[1,6],"8":[1,6],"9":[6,1],"10":[2,4],"11":[6,5],"12":[1,3],"13":[4,2,1],"14":[1,2],"15":[1,2],"16":[2,1]},"meta":{"lastBranch":17,"lastFunction":10,"lastStatement":42,"seen":{"s:19:38:19:Infinity":0,"s:20:38:20:Infinity":1,"f:22:8:22:21":0,"s:23:2:23:Infinity":2,"f:26:8:26:21":1,"s:27:2:27:Infinity":3,"f:30:8:30:23":2,"s:31:2:31:Infinity":4,"b:31:9:31:37:31:37:31:Infinity":0,"f:34:8:34:21":3,"s:35:2:35:Infinity":5,"f:42:9:42:23":4,"f:44:8:44:44":5,"b:45:2:47:Infinity:undefined:undefined:undefined:undefined":1,"s:45:2:47:Infinity":6,"s:46:3:46:Infinity":7,"s:48:2:48:Infinity":8,"f:51:7:51:27":6,"s:52:26:59:Infinity":9,"b:61:2:61:Infinity:undefined:undefined:undefined:undefined":2,"s:61:2:61:Infinity":10,"b:61:6:61:15:61:15:61:22":3,"s:61:22:61:Infinity":11,"s:62:2:62:Infinity":12,"f:65:7:65:Infinity":7,"b:67:38:67:Infinity":4,"s:69:14:73:Infinity":13,"b:75:2:77:Infinity:undefined:undefined:undefined:undefined":5,"s:75:2:77:Infinity":14,"s:76:3:76:Infinity":15,"b:78:2:80:Infinity:undefined:undefined:undefined:undefined":6,"s:78:2:80:Infinity":16,"s:79:3:79:Infinity":17,"b:81:2:83:Infinity:undefined:undefined:undefined:undefined":7,"s:81:2:83:Infinity":18,"s:82:3:82:Infinity":19,"s:85:26:85:Infinity":20,"b:86:2:89:Infinity:undefined:undefined:undefined:undefined":8,"s:86:2:89:Infinity":21,"s:87:3:87:Infinity":22,"s:88:3:88:Infinity":23,"s:90:2:90:Infinity":24,"b:90:10:90:18:90:18:90:Infinity":9,"f:93:7:93:Infinity":8,"b:98:2:100:Infinity:undefined:undefined:undefined:undefined":10,"s:98:2:100:Infinity":25,"b:98:6:98:49:98:49:98:90":11,"s:99:3:99:Infinity":26,"s:102:17:102:Infinity":27,"b:103:2:105:Infinity:undefined:undefined:undefined:undefined":12,"s:103:2:105:Infinity":28,"b:103:6:103:16:103:16:103:50:103:50:103:82":13,"s:104:3:104:Infinity":29,"s:107:8:107:Infinity":30,"s:108:26:120:Infinity":31,"b:122:2:125:Infinity:undefined:undefined:undefined:undefined":14,"s:122:2:125:Infinity":32,"s:123:3:123:Infinity":33,"s:124:3:124:Infinity":34,"s:127:2:127:Infinity":35,"f:130:7:130:36":9,"s:131:26:136:Infinity":36,"b:138:2:141:Infinity:undefined:undefined:undefined:undefined":15,"s:138:2:141:Infinity":37,"s:139:3:139:Infinity":38,"s:140:3:140:Infinity":39,"s:142:2:142:Infinity":40,"b:142:9:142:25:142:25:142:Infinity":16,"s:146:36:146:Infinity":41}}}
,"/Users/nb/Projects/trenara-web/src/lib/stores/calendar.svelte.ts": {"path":"/Users/nb/Projects/trenara-web/src/lib/stores/calendar.svelte.ts","statementMap":{"0":{"start":{"line":25,"column":12},"end":{"line":25,"column":null}},"1":{"start":{"line":26,"column":1},"end":{"line":26,"column":null}},"2":{"start":{"line":27,"column":1},"end":{"line":27,"column":null}},"3":{"start":{"line":28,"column":1},"end":{"line":28,"column":null}},"4":{"start":{"line":33,"column":5},"end":{"line":33,"column":null}},"5":{"start":{"line":34,"column":5},"end":{"line":34,"column":null}},"6":{"start":{"line":35,"column":5},"end":{"line":35,"column":null}},"7":{"start":{"line":36,"column":5},"end":{"line":36,"column":null}},"8":{"start":{"line":37,"column":5},"end":{"line":37,"column":null}},"9":{"start":{"line":40,"column":7},"end":{"line":43,"column":null}},"10":{"start":{"line":41,"column":2},"end":{"line":43,"column":null}},"11":{"start":{"line":47,"column":7},"end":{"line":49,"column":null}},"12":{"start":{"line":49,"column":4},"end":{"line":49,"column":null}},"13":{"start":{"line":54,"column":7},"end":{"line":56,"column":null}},"14":{"start":{"line":56,"column":4},"end":{"line":56,"column":null}},"15":{"start":{"line":61,"column":7},"end":{"line":87,"column":null}},"16":{"start":{"line":62,"column":8},"end":{"line":62,"column":null}},"17":{"start":{"line":63,"column":8},"end":{"line":63,"column":null}},"18":{"start":{"line":65,"column":8},"end":{"line":65,"column":null}},"19":{"start":{"line":66,"column":8},"end":{"line":66,"column":null}},"20":{"start":{"line":67,"column":24},"end":{"line":67,"column":null}},"21":{"start":{"line":69,"column":6},"end":{"line":70,"column":null}},"22":{"start":{"line":71,"column":6},"end":{"line":73,"column":null}},"23":{"start":{"line":72,"column":3},"end":{"line":72,"column":null}},"24":{"start":{"line":74,"column":22},"end":{"line":74,"column":null}},"25":{"start":{"line":76,"column":32},"end":{"line":78,"column":null}},"26":{"start":{"line":78,"column":13},"end":{"line":78,"column":null}},"27":{"start":{"line":90,"column":8},"end":{"line":90,"column":null}},"28":{"start":{"line":91,"column":15},"end":{"line":91,"column":null}},"29":{"start":{"line":92,"column":16},"end":{"line":92,"column":null}},"30":{"start":{"line":93,"column":14},"end":{"line":93,"column":null}},"31":{"start":{"line":94,"column":12},"end":{"line":94,"column":null}},"32":{"start":{"line":98,"column":7},"end":{"line":103,"column":null}},"33":{"start":{"line":99,"column":2},"end":{"line":103,"column":null}},"34":{"start":{"line":100,"column":8},"end":{"line":100,"column":null}},"35":{"start":{"line":101,"column":21},"end":{"line":101,"column":null}},"36":{"start":{"line":102,"column":10},"end":{"line":102,"column":null}},"37":{"start":{"line":107,"column":7},"end":{"line":112,"column":null}},"38":{"start":{"line":108,"column":2},"end":{"line":112,"column":null}},"39":{"start":{"line":109,"column":8},"end":{"line":109,"column":null}},"40":{"start":{"line":110,"column":21},"end":{"line":110,"column":null}},"41":{"start":{"line":111,"column":10},"end":{"line":111,"column":null}},"42":{"start":{"line":118,"column":4},"end":{"line":124,"column":null}},"43":{"start":{"line":123,"column":10},"end":{"line":123,"column":null}},"44":{"start":{"line":126,"column":8},"end":{"line":126,"column":null}},"45":{"start":{"line":127,"column":8},"end":{"line":127,"column":null}},"46":{"start":{"line":128,"column":8},"end":{"line":128,"column":null}},"47":{"start":{"line":130,"column":8},"end":{"line":130,"column":null}},"48":{"start":{"line":131,"column":8},"end":{"line":131,"column":null}},"49":{"start":{"line":132,"column":8},"end":{"line":132,"column":null}},"50":{"start":{"line":133,"column":17},"end":{"line":133,"column":null}},"51":{"start":{"line":135,"column":6},"end":{"line":151,"column":null}},"52":{"start":{"line":136,"column":9},"end":{"line":140,"column":null}},"53":{"start":{"line":138,"column":11},"end":{"line":138,"column":null}},"54":{"start":{"line":139,"column":12},"end":{"line":139,"column":null}},"55":{"start":{"line":143,"column":9},"end":{"line":146,"column":null}},"56":{"start":{"line":144,"column":10},"end":{"line":144,"column":null}},"57":{"start":{"line":145,"column":11},"end":{"line":145,"column":null}},"58":{"start":{"line":148,"column":7},"end":{"line":148,"column":null}},"59":{"start":{"line":149,"column":7},"end":{"line":149,"column":null}},"60":{"start":{"line":150,"column":10},"end":{"line":150,"column":null}},"61":{"start":{"line":153,"column":8},"end":{"line":156,"column":null}},"62":{"start":{"line":154,"column":9},"end":{"line":154,"column":null}},"63":{"start":{"line":155,"column":10},"end":{"line":155,"column":null}},"64":{"start":{"line":158,"column":8},"end":{"line":161,"column":null}},"65":{"start":{"line":159,"column":9},"end":{"line":159,"column":null}},"66":{"start":{"line":160,"column":10},"end":{"line":160,"column":null}},"67":{"start":{"line":163,"column":6},"end":{"line":163,"column":null}},"68":{"start":{"line":164,"column":6},"end":{"line":164,"column":null}},"69":{"start":{"line":165,"column":9},"end":{"line":165,"column":null}},"70":{"start":{"line":169,"column":9},"end":{"line":169,"column":null}},"71":{"start":{"line":174,"column":2},"end":{"line":174,"column":null}},"72":{"start":{"line":178,"column":2},"end":{"line":178,"column":null}},"73":{"start":{"line":182,"column":2},"end":{"line":182,"column":null}},"74":{"start":{"line":183,"column":2},"end":{"line":183,"column":null}},"75":{"start":{"line":185,"column":6},"end":{"line":210,"column":null}},"76":{"start":{"line":186,"column":3},"end":{"line":186,"column":null}},"77":{"start":{"line":188,"column":9},"end":{"line":188,"column":null}},"78":{"start":{"line":190,"column":8},"end":{"line":192,"column":null}},"79":{"start":{"line":191,"column":14},"end":{"line":191,"column":null}},"80":{"start":{"line":194,"column":9},"end":{"line":194,"column":null}},"81":{"start":{"line":195,"column":3},"end":{"line":195,"column":null}},"82":{"start":{"line":197,"column":3},"end":{"line":197,"column":null}},"83":{"start":{"line":209,"column":3},"end":{"line":209,"column":null}},"84":{"start":{"line":215,"column":8},"end":{"line":215,"column":null}},"85":{"start":{"line":216,"column":2},"end":{"line":216,"column":null}},"86":{"start":{"line":217,"column":2},"end":{"line":217,"column":null}},"87":{"start":{"line":218,"column":8},"end":{"line":218,"column":null}},"88":{"start":{"line":222,"column":8},"end":{"line":222,"column":null}},"89":{"start":{"line":223,"column":2},"end":{"line":223,"column":null}},"90":{"start":{"line":224,"column":2},"end":{"line":224,"column":null}},"91":{"start":{"line":225,"column":8},"end":{"line":225,"column":null}},"92":{"start":{"line":229,"column":8},"end":{"line":229,"column":null}},"93":{"start":{"line":235,"column":8},"end":{"line":235,"column":null}},"94":{"start":{"line":239,"column":8},"end":{"line":239,"column":null}},"95":{"start":{"line":244,"column":10},"end":{"line":244,"column":null}},"96":{"start":{"line":247,"column":10},"end":{"line":247,"column":null}},"97":{"start":{"line":250,"column":10},"end":{"line":250,"column":null}},"98":{"start":{"line":253,"column":10},"end":{"line":253,"column":null}},"99":{"start":{"line":256,"column":10},"end":{"line":256,"column":null}},"100":{"start":{"line":259,"column":10},"end":{"line":259,"column":null}},"101":{"start":{"line":262,"column":10},"end":{"line":262,"column":null}},"102":{"start":{"line":265,"column":10},"end":{"line":265,"column":null}},"103":{"start":{"line":268,"column":10},"end":{"line":268,"column":null}},"104":{"start":{"line":271,"column":10},"end":{"line":271,"column":null}},"105":{"start":{"line":274,"column":10},"end":{"line":274,"column":null}}},"fnMap":{"0":{"name":"(anonymous_0)","decl":{"start":{"line":25,"column":12},"end":{"line":25,"column":null}},"loc":{"start":{"line":25,"column":7},"end":{"line":25,"column":null}},"line":25},"1":{"name":"createCalendarStore","decl":{"start":{"line":31,"column":16},"end":{"line":31,"column":36}},"loc":{"start":{"line":31,"column":55},"end":{"line":292,"column":null}},"line":31},"2":{"name":"(anonymous_2)","decl":{"start":{"line":41,"column":2},"end":{"line":41,"column":null}},"loc":{"start":{"line":41,"column":2},"end":{"line":43,"column":null}},"line":41},"3":{"name":"(anonymous_3)","decl":{"start":{"line":47,"column":7},"end":{"line":47,"column":null}},"loc":{"start":{"line":47,"column":7},"end":{"line":49,"column":null}},"line":47},"4":{"name":"(anonymous_4)","decl":{"start":{"line":48,"column":23},"end":{"line":48,"column":null}},"loc":{"start":{"line":49,"column":4},"end":{"line":49,"column":null}},"line":49},"5":{"name":"(anonymous_5)","decl":{"start":{"line":54,"column":7},"end":{"line":54,"column":null}},"loc":{"start":{"line":54,"column":7},"end":{"line":56,"column":null}},"line":54},"6":{"name":"(anonymous_6)","decl":{"start":{"line":55,"column":32},"end":{"line":55,"column":null}},"loc":{"start":{"line":56,"column":4},"end":{"line":56,"column":null}},"line":56},"7":{"name":"(anonymous_7)","decl":{"start":{"line":61,"column":37},"end":{"line":61,"column":null}},"loc":{"start":{"line":61,"column":37},"end":{"line":87,"column":2}},"line":61},"8":{"name":"(anonymous_8)","decl":{"start":{"line":77,"column":13},"end":{"line":77,"column":null}},"loc":{"start":{"line":78,"column":13},"end":{"line":78,"column":null}},"line":78},"9":{"name":"getDateFromOffset","decl":{"start":{"line":89,"column":10},"end":{"line":89,"column":28}},"loc":{"start":{"line":89,"column":55},"end":{"line":95,"column":null}},"line":89},"10":{"name":"(anonymous_10)","decl":{"start":{"line":99,"column":2},"end":{"line":99,"column":12}},"loc":{"start":{"line":99,"column":2},"end":{"line":103,"column":null}},"line":99},"11":{"name":"(anonymous_11)","decl":{"start":{"line":99,"column":21},"end":{"line":99,"column":29}},"loc":{"start":{"line":99,"column":46},"end":{"line":103,"column":3}},"line":99},"12":{"name":"(anonymous_12)","decl":{"start":{"line":108,"column":2},"end":{"line":108,"column":12}},"loc":{"start":{"line":108,"column":2},"end":{"line":112,"column":null}},"line":108},"13":{"name":"(anonymous_13)","decl":{"start":{"line":108,"column":21},"end":{"line":108,"column":29}},"loc":{"start":{"line":108,"column":46},"end":{"line":112,"column":3}},"line":108},"14":{"name":"getTrainingStatusForDate","decl":{"start":{"line":116,"column":10},"end":{"line":116,"column":35}},"loc":{"start":{"line":116,"column":75},"end":{"line":166,"column":null}},"line":116},"15":{"name":"(anonymous_15)","decl":{"start":{"line":136,"column":61},"end":{"line":136,"column":null}},"loc":{"start":{"line":137,"column":33},"end":{"line":140,"column":null}},"line":137},"16":{"name":"(anonymous_16)","decl":{"start":{"line":143,"column":50},"end":{"line":143,"column":56}},"loc":{"start":{"line":143,"column":73},"end":{"line":146,"column":4}},"line":143},"17":{"name":"(anonymous_17)","decl":{"start":{"line":153,"column":46},"end":{"line":153,"column":52}},"loc":{"start":{"line":153,"column":81},"end":{"line":156,"column":3}},"line":153},"18":{"name":"(anonymous_18)","decl":{"start":{"line":158,"column":44},"end":{"line":158,"column":50}},"loc":{"start":{"line":158,"column":67},"end":{"line":161,"column":3}},"line":158},"19":{"name":"hasTrainingEntriesForDate","decl":{"start":{"line":168,"column":10},"end":{"line":168,"column":36}},"loc":{"start":{"line":168,"column":69},"end":{"line":170,"column":null}},"line":168},"20":{"name":"setSelectedDate","decl":{"start":{"line":173,"column":10},"end":{"line":173,"column":26}},"loc":{"start":{"line":173,"column":53},"end":{"line":175,"column":null}},"line":173},"21":{"name":"setSchedule","decl":{"start":{"line":177,"column":10},"end":{"line":177,"column":22}},"loc":{"start":{"line":177,"column":45},"end":{"line":179,"column":null}},"line":177},"22":{"name":"loadMonthData","decl":{"start":{"line":181,"column":16},"end":{"line":181,"column":30}},"loc":{"start":{"line":181,"column":42},"end":{"line":211,"column":null}},"line":181},"23":{"name":"goToPreviousMonth","decl":{"start":{"line":214,"column":16},"end":{"line":214,"column":36}},"loc":{"start":{"line":214,"column":36},"end":{"line":219,"column":null}},"line":214},"24":{"name":"goToNextMonth","decl":{"start":{"line":221,"column":16},"end":{"line":221,"column":32}},"loc":{"start":{"line":221,"column":32},"end":{"line":226,"column":null}},"line":221},"25":{"name":"goToToday","decl":{"start":{"line":228,"column":16},"end":{"line":228,"column":28}},"loc":{"start":{"line":228,"column":28},"end":{"line":236,"column":null}},"line":228},"26":{"name":"refresh","decl":{"start":{"line":238,"column":16},"end":{"line":238,"column":26}},"loc":{"start":{"line":238,"column":26},"end":{"line":240,"column":null}},"line":238},"27":{"name":"(anonymous_27)","decl":{"start":{"line":243,"column":6},"end":{"line":243,"column":20}},"loc":{"start":{"line":243,"column":20},"end":{"line":245,"column":null}},"line":243},"28":{"name":"(anonymous_28)","decl":{"start":{"line":246,"column":6},"end":{"line":246,"column":21}},"loc":{"start":{"line":246,"column":21},"end":{"line":248,"column":null}},"line":246},"29":{"name":"(anonymous_29)","decl":{"start":{"line":249,"column":6},"end":{"line":249,"column":27}},"loc":{"start":{"line":249,"column":27},"end":{"line":251,"column":null}},"line":249},"30":{"name":"(anonymous_30)","decl":{"start":{"line":252,"column":6},"end":{"line":252,"column":17}},"loc":{"start":{"line":252,"column":17},"end":{"line":254,"column":null}},"line":252},"31":{"name":"(anonymous_31)","decl":{"start":{"line":255,"column":6},"end":{"line":255,"column":18}},"loc":{"start":{"line":255,"column":18},"end":{"line":257,"column":null}},"line":255},"32":{"name":"(anonymous_32)","decl":{"start":{"line":258,"column":6},"end":{"line":258,"column":14}},"loc":{"start":{"line":258,"column":14},"end":{"line":260,"column":null}},"line":258},"33":{"name":"(anonymous_33)","decl":{"start":{"line":261,"column":6},"end":{"line":261,"column":26}},"loc":{"start":{"line":261,"column":26},"end":{"line":263,"column":null}},"line":261},"34":{"name":"(anonymous_34)","decl":{"start":{"line":264,"column":6},"end":{"line":264,"column":34}},"loc":{"start":{"line":264,"column":34},"end":{"line":266,"column":null}},"line":264},"35":{"name":"(anonymous_35)","decl":{"start":{"line":267,"column":6},"end":{"line":267,"column":18}},"loc":{"start":{"line":267,"column":18},"end":{"line":269,"column":null}},"line":267},"36":{"name":"(anonymous_36)","decl":{"start":{"line":270,"column":6},"end":{"line":270,"column":27}},"loc":{"start":{"line":270,"column":27},"end":{"line":272,"column":null}},"line":270},"37":{"name":"(anonymous_37)","decl":{"start":{"line":273,"column":6},"end":{"line":273,"column":32}},"loc":{"start":{"line":273,"column":32},"end":{"line":275,"column":null}},"line":273}},"branchMap":{"0":{"loc":{"start":{"line":25,"column":12},"end":{"line":25,"column":null}},"type":"binary-expr","locations":[{"start":{"line":25,"column":12},"end":{"line":25,"column":null}},{"start":{"line":25,"column":12},"end":{"line":25,"column":null}}],"line":25},"1":{"loc":{"start":{"line":41,"column":2},"end":{"line":43,"column":null}},"type":"cond-expr","locations":[{"start":{"line":42,"column":8},"end":{"line":42,"column":null}},{"start":{"line":43,"column":5},"end":{"line":43,"column":null}}],"line":41},"2":{"loc":{"start":{"line":47,"column":7},"end":{"line":49,"column":null}},"type":"binary-expr","locations":[{"start":{"line":47,"column":7},"end":{"line":49,"column":null}},{"start":{"line":49,"column":58},"end":{"line":49,"column":null}}],"line":47},"3":{"loc":{"start":{"line":54,"column":7},"end":{"line":56,"column":null}},"type":"binary-expr","locations":[{"start":{"line":54,"column":7},"end":{"line":56,"column":null}},{"start":{"line":56,"column":52},"end":{"line":56,"column":null}}],"line":54},"4":{"loc":{"start":{"line":67,"column":24},"end":{"line":67,"column":null}},"type":"cond-expr","locations":[{"start":{"line":67,"column":35},"end":{"line":67,"column":57}},{"start":{"line":67,"column":57},"end":{"line":67,"column":null}}],"line":67},"5":{"loc":{"start":{"line":71,"column":6},"end":{"line":73,"column":null}},"type":"if","locations":[{"start":{"line":71,"column":6},"end":{"line":73,"column":null}},{"start":{},"end":{}}],"line":71},"6":{"loc":{"start":{"line":99,"column":2},"end":{"line":103,"column":null}},"type":"binary-expr","locations":[{"start":{"line":99,"column":2},"end":{"line":103,"column":null}},{"start":{"line":103,"column":3},"end":{"line":103,"column":null}}],"line":99},"7":{"loc":{"start":{"line":100,"column":8},"end":{"line":100,"column":null}},"type":"if","locations":[{"start":{"line":100,"column":8},"end":{"line":100,"column":null}},{"start":{},"end":{}}],"line":100},"8":{"loc":{"start":{"line":102,"column":10},"end":{"line":102,"column":null}},"type":"binary-expr","locations":[{"start":{"line":102,"column":10},"end":{"line":102,"column":46}},{"start":{"line":102,"column":24},"end":{"line":102,"column":null}}],"line":102},"9":{"loc":{"start":{"line":108,"column":2},"end":{"line":112,"column":null}},"type":"binary-expr","locations":[{"start":{"line":108,"column":2},"end":{"line":112,"column":null}},{"start":{"line":112,"column":3},"end":{"line":112,"column":null}}],"line":108},"10":{"loc":{"start":{"line":109,"column":8},"end":{"line":109,"column":null}},"type":"if","locations":[{"start":{"line":109,"column":8},"end":{"line":109,"column":null}},{"start":{},"end":{}}],"line":109},"11":{"loc":{"start":{"line":111,"column":10},"end":{"line":111,"column":null}},"type":"binary-expr","locations":[{"start":{"line":111,"column":10},"end":{"line":111,"column":46}},{"start":{"line":111,"column":24},"end":{"line":111,"column":null}}],"line":111},"12":{"loc":{"start":{"line":118,"column":4},"end":{"line":124,"column":null}},"type":"if","locations":[{"start":{"line":118,"column":4},"end":{"line":124,"column":null}},{"start":{},"end":{}}],"line":118},"13":{"loc":{"start":{"line":118,"column":4},"end":{"line":121,"column":null}},"type":"binary-expr","locations":[{"start":{"line":118,"column":4},"end":{"line":118,"column":null}},{"start":{"line":118,"column":4},"end":{"line":119,"column":null}},{"start":{"line":119,"column":25},"end":{"line":120,"column":null}},{"start":{"line":120,"column":34},"end":{"line":121,"column":null}}],"line":118},"14":{"loc":{"start":{"line":133,"column":17},"end":{"line":133,"column":null}},"type":"binary-expr","locations":[{"start":{"line":133,"column":17},"end":{"line":133,"column":40}},{"start":{"line":133,"column":30},"end":{"line":133,"column":null}}],"line":133},"15":{"loc":{"start":{"line":135,"column":6},"end":{"line":151,"column":null}},"type":"if","locations":[{"start":{"line":135,"column":6},"end":{"line":151,"column":null}},{"start":{},"end":{}}],"line":135},"16":{"loc":{"start":{"line":145,"column":11},"end":{"line":145,"column":null}},"type":"binary-expr","locations":[{"start":{"line":145,"column":11},"end":{"line":145,"column":41}},{"start":{"line":145,"column":25},"end":{"line":145,"column":null}}],"line":145},"17":{"loc":{"start":{"line":148,"column":7},"end":{"line":148,"column":null}},"type":"if","locations":[{"start":{"line":148,"column":7},"end":{"line":148,"column":null}},{"start":{},"end":{}}],"line":148},"18":{"loc":{"start":{"line":149,"column":7},"end":{"line":149,"column":null}},"type":"if","locations":[{"start":{"line":149,"column":7},"end":{"line":149,"column":null}},{"start":{},"end":{}}],"line":149},"19":{"loc":{"start":{"line":149,"column":36},"end":{"line":149,"column":null}},"type":"cond-expr","locations":[{"start":{"line":149,"column":45},"end":{"line":149,"column":56}},{"start":{"line":149,"column":56},"end":{"line":149,"column":null}}],"line":149},"20":{"loc":{"start":{"line":160,"column":10},"end":{"line":160,"column":null}},"type":"binary-expr","locations":[{"start":{"line":160,"column":10},"end":{"line":160,"column":40}},{"start":{"line":160,"column":24},"end":{"line":160,"column":null}}],"line":160},"21":{"loc":{"start":{"line":163,"column":6},"end":{"line":163,"column":null}},"type":"if","locations":[{"start":{"line":163,"column":6},"end":{"line":163,"column":null}},{"start":{},"end":{}}],"line":163},"22":{"loc":{"start":{"line":164,"column":6},"end":{"line":164,"column":null}},"type":"if","locations":[{"start":{"line":164,"column":6},"end":{"line":164,"column":null}},{"start":{},"end":{}}],"line":164},"23":{"loc":{"start":{"line":164,"column":30},"end":{"line":164,"column":null}},"type":"cond-expr","locations":[{"start":{"line":164,"column":39},"end":{"line":164,"column":50}},{"start":{"line":164,"column":50},"end":{"line":164,"column":null}}],"line":164},"24":{"loc":{"start":{"line":190,"column":8},"end":{"line":192,"column":null}},"type":"if","locations":[{"start":{"line":190,"column":8},"end":{"line":192,"column":null}},{"start":{},"end":{}}],"line":190},"25":{"loc":{"start":{"line":197,"column":11},"end":{"line":197,"column":null}},"type":"cond-expr","locations":[{"start":{"line":197,"column":34},"end":{"line":197,"column":44}},{"start":{"line":197,"column":34},"end":{"line":197,"column":null}}],"line":197}},"s":{"0":1,"1":1,"2":1,"3":1,"4":48,"5":48,"6":48,"7":48,"8":48,"9":48,"10":15,"11":3,"12":2,"13":3,"14":2,"15":48,"16":4,"17":4,"18":4,"19":4,"20":4,"21":4,"22":4,"23":1,"24":4,"25":4,"26":141,"27":5,"28":5,"29":5,"30":5,"31":5,"32":48,"33":5,"34":1,"35":3,"36":3,"37":48,"38":4,"39":1,"40":2,"41":2,"42":12,"43":3,"44":9,"45":9,"46":9,"47":9,"48":9,"49":9,"50":9,"51":12,"52":4,"53":3,"54":3,"55":4,"56":1,"57":1,"58":1,"59":3,"60":1,"61":5,"62":4,"63":4,"64":12,"65":1,"66":1,"67":1,"68":4,"69":1,"70":2,"71":18,"72":24,"73":12,"74":12,"75":12,"76":12,"77":12,"78":10,"79":1,"80":9,"81":9,"82":3,"83":12,"84":3,"85":3,"86":3,"87":3,"88":2,"89":2,"90":2,"91":2,"92":1,"93":1,"94":1,"95":11,"96":4,"97":4,"98":2,"99":4,"100":5,"101":4,"102":4,"103":6,"104":5,"105":4},"f":{"0":1,"1":48,"2":15,"3":3,"4":2,"5":3,"6":2,"7":4,"8":141,"9":5,"10":5,"11":4,"12":4,"13":3,"14":12,"15":3,"16":1,"17":4,"18":1,"19":2,"20":18,"21":24,"22":12,"23":3,"24":2,"25":1,"26":1,"27":11,"28":4,"29":4,"30":2,"31":4,"32":5,"33":4,"34":4,"35":6,"36":5,"37":4},"b":{"0":[1,1],"1":[11,4],"2":[3,1],"3":[3,1],"4":[1,3],"5":[1,3],"6":[5,1],"7":[1,3],"8":[3,2],"9":[4,1],"10":[1,2],"11":[2,2],"12":[3,9],"13":[12,12,8,5],"14":[9,6],"15":[4,8],"16":[1,1],"17":[1,3],"18":[2,1],"19":[1,1],"20":[1,1],"21":[1,11],"22":[3,1],"23":[1,2],"24":[1,9],"25":[2,1]},"meta":{"lastBranch":26,"lastFunction":38,"lastStatement":106,"seen":{"s:25:12:25:Infinity":0,"f:25:12:25:Infinity":0,"s:26:1:26:Infinity":1,"s:27:1:27:Infinity":2,"s:28:1:28:Infinity":3,"b:25:12:25:Infinity:25:12:25:Infinity":0,"f:31:16:31:36":1,"s:33:5:33:Infinity":4,"s:34:5:34:Infinity":5,"s:35:5:35:Infinity":6,"s:36:5:36:Infinity":7,"s:37:5:37:Infinity":8,"s:40:7:43:Infinity":9,"f:41:2:41:Infinity":2,"s:41:2:43:Infinity":10,"b:42:8:42:Infinity:43:5:43:Infinity":1,"s:47:7:49:Infinity":11,"f:47:7:47:Infinity":3,"b:47:7:49:Infinity:49:58:49:Infinity":2,"f:48:23:48:Infinity":4,"s:49:4:49:Infinity":12,"s:54:7:56:Infinity":13,"f:54:7:54:Infinity":5,"b:54:7:56:Infinity:56:52:56:Infinity":3,"f:55:32:55:Infinity":6,"s:56:4:56:Infinity":14,"s:61:7:87:Infinity":15,"f:61:37:61:Infinity":7,"s:62:8:62:Infinity":16,"s:63:8:63:Infinity":17,"s:65:8:65:Infinity":18,"s:66:8:66:Infinity":19,"s:67:24:67:Infinity":20,"b:67:35:67:57:67:57:67:Infinity":4,"s:69:6:70:Infinity":21,"b:71:6:73:Infinity:undefined:undefined:undefined:undefined":5,"s:71:6:73:Infinity":22,"s:72:3:72:Infinity":23,"s:74:22:74:Infinity":24,"s:76:32:78:Infinity":25,"f:77:13:77:Infinity":8,"s:78:13:78:Infinity":26,"f:89:10:89:28":9,"s:90:8:90:Infinity":27,"s:91:15:91:Infinity":28,"s:92:16:92:Infinity":29,"s:93:14:93:Infinity":30,"s:94:12:94:Infinity":31,"s:98:7:103:Infinity":32,"f:99:2:99:12":10,"s:99:2:103:Infinity":33,"b:99:2:103:Infinity:103:3:103:Infinity":6,"f:99:21:99:29":11,"b:100:8:100:Infinity:undefined:undefined:undefined:undefined":7,"s:100:8:100:Infinity":34,"s:101:21:101:Infinity":35,"s:102:10:102:Infinity":36,"b:102:10:102:46:102:24:102:Infinity":8,"s:107:7:112:Infinity":37,"f:108:2:108:12":12,"s:108:2:112:Infinity":38,"b:108:2:112:Infinity:112:3:112:Infinity":9,"f:108:21:108:29":13,"b:109:8:109:Infinity:undefined:undefined:undefined:undefined":10,"s:109:8:109:Infinity":39,"s:110:21:110:Infinity":40,"s:111:10:111:Infinity":41,"b:111:10:111:46:111:24:111:Infinity":11,"f:116:10:116:35":14,"b:118:4:124:Infinity:undefined:undefined:undefined:undefined":12,"s:118:4:124:Infinity":42,"b:118:4:118:Infinity:118:4:119:Infinity:119:25:120:Infinity:120:34:121:Infinity":13,"s:123:10:123:Infinity":43,"s:126:8:126:Infinity":44,"s:127:8:127:Infinity":45,"s:128:8:128:Infinity":46,"s:130:8:130:Infinity":47,"s:131:8:131:Infinity":48,"s:132:8:132:Infinity":49,"s:133:17:133:Infinity":50,"b:133:17:133:40:133:30:133:Infinity":14,"b:135:6:151:Infinity:undefined:undefined:undefined:undefined":15,"s:135:6:151:Infinity":51,"s:136:9:140:Infinity":52,"f:136:61:136:Infinity":15,"s:138:11:138:Infinity":53,"s:139:12:139:Infinity":54,"s:143:9:146:Infinity":55,"f:143:50:143:56":16,"s:144:10:144:Infinity":56,"s:145:11:145:Infinity":57,"b:145:11:145:41:145:25:145:Infinity":16,"b:148:7:148:Infinity:undefined:undefined:undefined:undefined":17,"s:148:7:148:Infinity":58,"b:149:7:149:Infinity:undefined:undefined:undefined:undefined":18,"s:149:7:149:Infinity":59,"b:149:45:149:56:149:56:149:Infinity":19,"s:150:10:150:Infinity":60,"s:153:8:156:Infinity":61,"f:153:46:153:52":17,"s:154:9:154:Infinity":62,"s:155:10:155:Infinity":63,"s:158:8:161:Infinity":64,"f:158:44:158:50":18,"s:159:9:159:Infinity":65,"s:160:10:160:Infinity":66,"b:160:10:160:40:160:24:160:Infinity":20,"b:163:6:163:Infinity:undefined:undefined:undefined:undefined":21,"s:163:6:163:Infinity":67,"b:164:6:164:Infinity:undefined:undefined:undefined:undefined":22,"s:164:6:164:Infinity":68,"b:164:39:164:50:164:50:164:Infinity":23,"s:165:9:165:Infinity":69,"f:168:10:168:36":19,"s:169:9:169:Infinity":70,"f:173:10:173:26":20,"s:174:2:174:Infinity":71,"f:177:10:177:22":21,"s:178:2:178:Infinity":72,"f:181:16:181:30":22,"s:182:2:182:Infinity":73,"s:183:2:183:Infinity":74,"s:185:6:210:Infinity":75,"s:186:3:186:Infinity":76,"s:188:9:188:Infinity":77,"b:190:8:192:Infinity:undefined:undefined:undefined:undefined":24,"s:190:8:192:Infinity":78,"s:191:14:191:Infinity":79,"s:194:9:194:Infinity":80,"s:195:3:195:Infinity":81,"s:197:3:197:Infinity":82,"b:197:34:197:44:197:34:197:Infinity":25,"s:209:3:209:Infinity":83,"f:214:16:214:36":23,"s:215:8:215:Infinity":84,"s:216:2:216:Infinity":85,"s:217:2:217:Infinity":86,"s:218:8:218:Infinity":87,"f:221:16:221:32":24,"s:222:8:222:Infinity":88,"s:223:2:223:Infinity":89,"s:224:2:224:Infinity":90,"s:225:8:225:Infinity":91,"f:228:16:228:28":25,"s:229:8:229:Infinity":92,"s:235:8:235:Infinity":93,"f:238:16:238:26":26,"s:239:8:239:Infinity":94,"f:243:6:243:20":27,"s:244:10:244:Infinity":95,"f:246:6:246:21":28,"s:247:10:247:Infinity":96,"f:249:6:249:27":29,"s:250:10:250:Infinity":97,"f:252:6:252:17":30,"s:253:10:253:Infinity":98,"f:255:6:255:18":31,"s:256:10:256:Infinity":99,"f:258:6:258:14":32,"s:259:10:259:Infinity":100,"f:261:6:261:26":33,"s:262:10:262:Infinity":101,"f:264:6:264:34":34,"s:265:10:265:Infinity":102,"f:267:6:267:18":35,"s:268:10:268:Infinity":103,"f:270:6:270:27":36,"s:271:10:271:Infinity":104,"f:273:6:273:32":37,"s:274:10:274:Infinity":105}}}
,"/Users/nb/Projects/trenara-web/src/lib/utils/date.ts": {"path":"/Users/nb/Projects/trenara-web/src/lib/utils/date.ts","statementMap":{"0":{"start":{"line":2,"column":1},"end":{"line":2,"column":null}},"1":{"start":{"line":6,"column":14},"end":{"line":6,"column":null}},"2":{"start":{"line":7,"column":15},"end":{"line":7,"column":null}},"3":{"start":{"line":8,"column":29},"end":{"line":8,"column":null}},"4":{"start":{"line":9,"column":25},"end":{"line":9,"column":null}},"5":{"start":{"line":10,"column":23},"end":{"line":10,"column":null}},"6":{"start":{"line":11,"column":21},"end":{"line":11,"column":null}},"7":{"start":{"line":12,"column":22},"end":{"line":12,"column":null}},"8":{"start":{"line":14,"column":20},"end":{"line":14,"column":null}},"9":{"start":{"line":15,"column":1},"end":{"line":15,"column":null}},"10":{"start":{"line":17,"column":28},"end":{"line":17,"column":null}},"11":{"start":{"line":18,"column":1},"end":{"line":18,"column":null}},"12":{"start":{"line":19,"column":1},"end":{"line":22,"column":null}},"13":{"start":{"line":19,"column":14},"end":{"line":19,"column":33}},"14":{"start":{"line":20,"column":2},"end":{"line":20,"column":null}},"15":{"start":{"line":21,"column":2},"end":{"line":21,"column":null}},"16":{"start":{"line":23,"column":1},"end":{"line":23,"column":null}}},"fnMap":{"0":{"name":"formatDateString","decl":{"start":{"line":1,"column":16},"end":{"line":1,"column":33}},"loc":{"start":{"line":1,"column":83},"end":{"line":3,"column":null}},"line":1},"1":{"name":"getMonthTimestamps","decl":{"start":{"line":5,"column":16},"end":{"line":5,"column":35}},"loc":{"start":{"line":5,"column":55},"end":{"line":24,"column":null}},"line":5}},"branchMap":{"0":{"loc":{"start":{"line":10,"column":23},"end":{"line":10,"column":null}},"type":"cond-expr","locations":[{"start":{"line":10,"column":47},"end":{"line":10,"column":51}},{"start":{"line":10,"column":51},"end":{"line":10,"column":null}}],"line":10},"1":{"loc":{"start":{"line":15,"column":39},"end":{"line":15,"column":92}},"type":"binary-expr","locations":[{"start":{"line":15,"column":39},"end":{"line":15,"column":90}},{"start":{"line":15,"column":90},"end":{"line":15,"column":92}}],"line":15}},"s":{"0":6,"1":8,"2":8,"3":8,"4":8,"5":8,"6":8,"7":8,"8":8,"9":8,"10":8,"11":8,"12":8,"13":8,"14":31,"15":31,"16":8},"f":{"0":6,"1":8},"b":{"0":[1,7],"1":[8,1]},"meta":{"lastBranch":2,"lastFunction":2,"lastStatement":17,"seen":{"f:1:16:1:33":0,"s:2:1:2:Infinity":0,"f:5:16:5:35":1,"s:6:14:6:Infinity":1,"s:7:15:7:Infinity":2,"s:8:29:8:Infinity":3,"s:9:25:9:Infinity":4,"s:10:23:10:Infinity":5,"b:10:47:10:51:10:51:10:Infinity":0,"s:11:21:11:Infinity":6,"s:12:22:12:Infinity":7,"s:14:20:14:Infinity":8,"s:15:1:15:Infinity":9,"b:15:39:15:90:15:90:15:92":1,"s:17:28:17:Infinity":10,"s:18:1:18:Infinity":11,"s:19:1:22:Infinity":12,"s:19:14:19:33":13,"s:20:2:20:Infinity":14,"s:21:2:21:Infinity":15,"s:23:1:23:Infinity":16}}}
,"/Users/nb/Projects/trenara-web/src/lib/utils/format.ts": {"path":"/Users/nb/Projects/trenara-web/src/lib/utils/format.ts","statementMap":{"0":{"start":{"line":2,"column":15},"end":{"line":2,"column":null}},"1":{"start":{"line":3,"column":1},"end":{"line":3,"column":null}},"2":{"start":{"line":3,"column":25},"end":{"line":3,"column":null}},"3":{"start":{"line":4,"column":1},"end":{"line":4,"column":null}},"4":{"start":{"line":8,"column":1},"end":{"line":8,"column":null}},"5":{"start":{"line":15,"column":15},"end":{"line":15,"column":null}},"6":{"start":{"line":16,"column":1},"end":{"line":16,"column":null}},"7":{"start":{"line":16,"column":25},"end":{"line":16,"column":null}},"8":{"start":{"line":17,"column":1},"end":{"line":17,"column":null}},"9":{"start":{"line":17,"column":25},"end":{"line":17,"column":null}},"10":{"start":{"line":18,"column":1},"end":{"line":18,"column":null}},"11":{"start":{"line":25,"column":15},"end":{"line":25,"column":null}},"12":{"start":{"line":26,"column":15},"end":{"line":26,"column":null}},"13":{"start":{"line":27,"column":1},"end":{"line":27,"column":null}},"14":{"start":{"line":27,"column":25},"end":{"line":27,"column":null}},"15":{"start":{"line":28,"column":1},"end":{"line":28,"column":null}},"16":{"start":{"line":35,"column":11},"end":{"line":35,"column":null}},"17":{"start":{"line":36,"column":11},"end":{"line":36,"column":null}},"18":{"start":{"line":37,"column":11},"end":{"line":37,"column":null}},"19":{"start":{"line":38,"column":1},"end":{"line":38,"column":null}},"20":{"start":{"line":45,"column":11},"end":{"line":45,"column":null}},"21":{"start":{"line":46,"column":11},"end":{"line":46,"column":null}},"22":{"start":{"line":47,"column":1},"end":{"line":47,"column":null}},"23":{"start":{"line":54,"column":11},"end":{"line":54,"column":null}},"24":{"start":{"line":55,"column":1},"end":{"line":55,"column":null}}},"fnMap":{"0":{"name":"formatTime","decl":{"start":{"line":1,"column":16},"end":{"line":1,"column":27}},"loc":{"start":{"line":1,"column":55},"end":{"line":5,"column":null}},"line":1},"1":{"name":"formatPace","decl":{"start":{"line":7,"column":16},"end":{"line":7,"column":27}},"loc":{"start":{"line":7,"column":55},"end":{"line":9,"column":null}},"line":7},"2":{"name":"timeStringToSeconds","decl":{"start":{"line":14,"column":16},"end":{"line":14,"column":36}},"loc":{"start":{"line":14,"column":61},"end":{"line":19,"column":null}},"line":14},"3":{"name":"paceStringToSeconds","decl":{"start":{"line":24,"column":16},"end":{"line":24,"column":36}},"loc":{"start":{"line":24,"column":61},"end":{"line":29,"column":null}},"line":24},"4":{"name":"secondsToTimeString","decl":{"start":{"line":34,"column":16},"end":{"line":34,"column":36}},"loc":{"start":{"line":34,"column":66},"end":{"line":39,"column":null}},"line":34},"5":{"name":"secondsToPaceString","decl":{"start":{"line":44,"column":16},"end":{"line":44,"column":36}},"loc":{"start":{"line":44,"column":66},"end":{"line":48,"column":null}},"line":44},"6":{"name":"formatDateShort","decl":{"start":{"line":53,"column":16},"end":{"line":53,"column":32}},"loc":{"start":{"line":53,"column":57},"end":{"line":56,"column":null}},"line":53}},"branchMap":{"0":{"loc":{"start":{"line":3,"column":1},"end":{"line":3,"column":null}},"type":"if","locations":[{"start":{"line":3,"column":1},"end":{"line":3,"column":null}},{"start":{},"end":{}}],"line":3},"1":{"loc":{"start":{"line":16,"column":1},"end":{"line":16,"column":null}},"type":"if","locations":[{"start":{"line":16,"column":1},"end":{"line":16,"column":null}},{"start":{},"end":{}}],"line":16},"2":{"loc":{"start":{"line":17,"column":1},"end":{"line":17,"column":null}},"type":"if","locations":[{"start":{"line":17,"column":1},"end":{"line":17,"column":null}},{"start":{},"end":{}}],"line":17},"3":{"loc":{"start":{"line":27,"column":1},"end":{"line":27,"column":null}},"type":"if","locations":[{"start":{"line":27,"column":1},"end":{"line":27,"column":null}},{"start":{},"end":{}}],"line":27}},"s":{"0":4,"1":4,"2":2,"3":2,"4":2,"5":8,"6":8,"7":5,"8":3,"9":3,"10":2,"11":7,"12":7,"13":7,"14":5,"15":2,"16":7,"17":7,"18":7,"19":7,"20":7,"21":7,"22":7,"23":4,"24":4},"f":{"0":4,"1":2,"2":8,"3":7,"4":7,"5":7,"6":4},"b":{"0":[2,2],"1":[5,3],"2":[1,2],"3":[5,2]},"meta":{"lastBranch":4,"lastFunction":7,"lastStatement":25,"seen":{"f:1:16:1:27":0,"s:2:15:2:Infinity":0,"b:3:1:3:Infinity:undefined:undefined:undefined:undefined":0,"s:3:1:3:Infinity":1,"s:3:25:3:Infinity":2,"s:4:1:4:Infinity":3,"f:7:16:7:27":1,"s:8:1:8:Infinity":4,"f:14:16:14:36":2,"s:15:15:15:Infinity":5,"b:16:1:16:Infinity:undefined:undefined:undefined:undefined":1,"s:16:1:16:Infinity":6,"s:16:25:16:Infinity":7,"b:17:1:17:Infinity:undefined:undefined:undefined:undefined":2,"s:17:1:17:Infinity":8,"s:17:25:17:Infinity":9,"s:18:1:18:Infinity":10,"f:24:16:24:36":3,"s:25:15:25:Infinity":11,"s:26:15:26:Infinity":12,"b:27:1:27:Infinity:undefined:undefined:undefined:undefined":3,"s:27:1:27:Infinity":13,"s:27:25:27:Infinity":14,"s:28:1:28:Infinity":15,"f:34:16:34:36":4,"s:35:11:35:Infinity":16,"s:36:11:36:Infinity":17,"s:37:11:37:Infinity":18,"s:38:1:38:Infinity":19,"f:44:16:44:36":5,"s:45:11:45:Infinity":20,"s:46:11:46:Infinity":21,"s:47:1:47:Infinity":22,"f:53:16:53:32":6,"s:54:11:54:Infinity":23,"s:55:1:55:Infinity":24}}}
}
